*** You are running in headless mode.
*** You are running in headless mode.
console.warn: SearchSettings: "get: No settings file exists, new profile?" (new Error("", "(unknown module)"))
console.error: Region.jsm: "Error fetching region" (new TypeError("NetworkError when attempting to fetch resource.", ""))
console.error: Region.jsm: "Failed to fetch region" (new Error("NO_RESULT", "resource://gre/modules/Region.jsm", 376))
1606774553209	Marionette	INFO	Listening on port 33821
1606774553328	Marionette	WARN	TLS certificate errors will be ignored for this session
Exiting due to channel error.
Exiting due to channel error.
Exiting due to channel error.
*** You are running in headless mode.
*** You are running in headless mode.
console.warn: SearchSettings: "get: No settings file exists, new profile?" (new Error("", "(unknown module)"))
console.error: Region.jsm: "Error fetching region" (new TypeError("NetworkError when attempting to fetch resource.", ""))
console.error: Region.jsm: "Failed to fetch region" (new Error("NO_RESULT", "resource://gre/modules/Region.jsm", 376))
1606774712424	Marionette	INFO	Listening on port 32937
1606774712457	Marionette	WARN	TLS certificate errors will be ignored for this session
Exiting due to channel error.
Exiting due to channel error.
Exiting due to channel error.
*** You are running in headless mode.
console.warn: SearchSettings: "get: No settings file exists, new profile?" (new Error("", "(unknown module)"))
1606779224824	Marionette	INFO	Listening on port 42611
1606779224847	Marionette	WARN	TLS certificate errors will be ignored for this session
console.error: Region.jsm: "Error fetching region" (new Error("TIMEOUT", "resource://gre/modules/Region.jsm", 726))
console.error: Region.jsm: "Failed to fetch region" (new Error("TIMEOUT", "resource://gre/modules/Region.jsm", 376))
*** You are running in headless mode.
console.warn: SearchSettings: "get: No settings file exists, new profile?" (new Error("", "(unknown module)"))
1606779408062	Marionette	INFO	Listening on port 42299
1606779408148	Marionette	WARN	TLS certificate errors will be ignored for this session
*** You are running in headless mode.
console.warn: SearchSettings: "get: No settings file exists, new profile?" (new Error("", "(unknown module)"))
1606779437963	Marionette	INFO	Listening on port 34513
1606779438015	Marionette	WARN	TLS certificate errors will be ignored for this session
*** You are running in headless mode.
console.warn: SearchSettings: "get: No settings file exists, new profile?" (new Error("", "(unknown module)"))
1606779466843	Marionette	INFO	Listening on port 39385
1606779466863	Marionette	WARN	TLS certificate errors will be ignored for this session
1606779470345	Marionette	INFO	Stopped listening on port 39385
*** You are running in headless mode.
console.warn: SearchSettings: "get: No settings file exists, new profile?" (new Error("", "(unknown module)"))
1606779491139	Marionette	INFO	Listening on port 44983
1606779491207	Marionette	WARN	TLS certificate errors will be ignored for this session
1606779495114	Marionette	INFO	Stopped listening on port 44983
*** You are running in headless mode.
console.warn: SearchSettings: "get: No settings file exists, new profile?" (new Error("", "(unknown module)"))
1606779708104	Marionette	INFO	Listening on port 34985
1606779708145	Marionette	WARN	TLS certificate errors will be ignored for this session
*** You are running in headless mode.
console.warn: SearchSettings: "get: No settings file exists, new profile?" (new Error("", "(unknown module)"))
1606779761175	Marionette	INFO	Listening on port 42209
1606779761281	Marionette	WARN	TLS certificate errors will be ignored for this session
*** You are running in headless mode.
console.warn: SearchSettings: "get: No settings file exists, new profile?" (new Error("", "(unknown module)"))
1606779794500	Marionette	INFO	Listening on port 40457
1606779794561	Marionette	WARN	TLS certificate errors will be ignored for this session
*** You are running in headless mode.
console.warn: SearchSettings: "get: No settings file exists, new profile?" (new Error("", "(unknown module)"))
console.error: ({})
JavaScript error: resource://gre/modules/NewTabUtils.jsm, line 1442: TypeError: conn is undefined
A content process crashed and MOZ_CRASHREPORTER_SHUTDOWN is set, shutting down
console.error: Region.jsm: "Error fetching region" (new TypeError("NetworkError when attempting to fetch resource.", ""))
console.error: Region.jsm: "Failed to fetch region" (new Error("NO_RESULT", "resource://gre/modules/Region.jsm", 376))
*** You are running in headless mode.
console.warn: SearchSettings: "get: No settings file exists, new profile?" (new Error("", "(unknown module)"))

###!!! [Parent][MessageChannel] Error: (msgtype=0x3A0028,name=PContent::Msg_PreferenceUpdate) Channel error: cannot send/recv


###!!! [Parent][MessageChannel] Error: (msgtype=0x3A0028,name=PContent::Msg_PreferenceUpdate) Channel error: cannot send/recv

A content process crashed and MOZ_CRASHREPORTER_SHUTDOWN is set, shutting down
JavaScript error: resource:///modules/sessionstore/SessionStore.jsm, line 2303: TypeError: subject.QueryInterface is not a function
A content process crashed and MOZ_CRASHREPORTER_SHUTDOWN is set, shutting down
console.error: services.settings: 
  main/message-groups Signature failed  TypeError: NetworkError when attempting to fetch resource.
console.error: services.settings: 
  main/nimbus-desktop-experiments Signature failed  TypeError: NetworkError when attempting to fetch resource.
console.error: Region.jsm: "Error fetching region" (new TypeError("NetworkError when attempting to fetch resource.", ""))
console.error: Region.jsm: "Failed to fetch region" (new Error("NO_RESULT", "resource://gre/modules/Region.jsm", 376))
JavaScript error: , line 0: AbortError: A request was aborted, for example through a call to IDBTransaction.abort.
*** You are running in headless mode.
console.warn: SearchSettings: "get: No settings file exists, new profile?" (new Error("", "(unknown module)"))
A content process crashed and MOZ_CRASHREPORTER_SHUTDOWN is set, shutting down
JavaScript error: resource:///modules/sessionstore/SessionStore.jsm, line 2303: TypeError: subject.QueryInterface is not a function
A content process crashed and MOZ_CRASHREPORTER_SHUTDOWN is set, shutting down
console.error: services.settings: 
  main/nimbus-desktop-experiments Signature failed  TypeError: NetworkError when attempting to fetch resource.
JavaScript error: , line 0: AbortError: A request was aborted, for example through a call to IDBTransaction.abort.
console.error: Region.jsm: "Error fetching region" (new TypeError("NetworkError when attempting to fetch resource.", "resource://gre/modules/Region.jsm", 705))
console.error: Region.jsm: "Failed to fetch region" (new Error("NO_RESULT", "resource://gre/modules/Region.jsm", 376))
*** You are running in headless mode.
console.warn: SearchSettings: "get: No settings file exists, new profile?" (new Error("", "(unknown module)"))
console.error: ({})
JavaScript error: resource://gre/modules/NewTabUtils.jsm, line 1442: TypeError: conn is undefined
JavaScript error: resource://gre/modules/UrlClassifierListManager.jsm, line 73: NS_ERROR_XPC_GS_RETURNED_FAILURE: ServiceManager::GetService returned failure code:
Exiting due to channel error.
Exiting due to channel error.
*** You are running in headless mode.
console.warn: SearchSettings: "get: No settings file exists, new profile?" (new Error("", "(unknown module)"))
1606779937725	Marionette	INFO	Listening on port 45545
1606779937835	Marionette	WARN	TLS certificate errors will be ignored for this session
A content process crashed and MOZ_CRASHREPORTER_SHUTDOWN is set, shutting down
1606779938574	Marionette	INFO	Stopped listening on port 45545
*** You are running in headless mode.
console.warn: SearchSettings: "get: No settings file exists, new profile?" (new Error("", "(unknown module)"))
A content process crashed and MOZ_CRASHREPORTER_SHUTDOWN is set, shutting down
JavaScript error: resource:///modules/sessionstore/SessionStore.jsm, line 2303: TypeError: subject.QueryInterface is not a function
A content process crashed and MOZ_CRASHREPORTER_SHUTDOWN is set, shutting down
console.error: services.settings: 
  main/message-groups Signature failed  TypeError: NetworkError when attempting to fetch resource.
console.error: Region.jsm: "Error fetching region" (new TypeError("NetworkError when attempting to fetch resource.", "resource://gre/modules/Region.jsm", 705))
console.error: Region.jsm: "Failed to fetch region" (new Error("NO_RESULT", "resource://gre/modules/Region.jsm", 376))
*** You are running in headless mode.
console.warn: SearchSettings: "get: No settings file exists, new profile?" (new Error("", "(unknown module)"))
1606779981856	Marionette	INFO	Listening on port 42001
1606779981886	Marionette	WARN	TLS certificate errors will be ignored for this session
A content process crashed and MOZ_CRASHREPORTER_SHUTDOWN is set, shutting down
console.warn: services.settings: main/cfr-fxa sync interrupted by shutdown
console.error: Region.jsm: "Error fetching region" (new TypeError("NetworkError when attempting to fetch resource.", ""))
console.error: Region.jsm: "Failed to fetch region" (new Error("NO_RESULT", "resource://gre/modules/Region.jsm", 376))
1606779982507	Marionette	INFO	Stopped listening on port 42001
WARNING: At least one completion condition is taking too long to complete. Conditions: [{"name":"ScriptPreloader: Saving bytecode cache","state":"(none)","filename":"/build/firefox/src/firefox-83.0/js/xpconnect/loader/ScriptPreloader.cpp","lineNumber":265,"stack":["resource://gre/modules/nsAsyncShutdown.jsm:addBlocker:162","chrome://browser/content/browser.js:_schedulePerWindowIdleTasks/<:2419","chrome://browser/content/browser.js:idleTaskRunner:2334"]}] Barrier: xpcom-will-shutdown
console.error: (new Error("SessionFile is closed", "resource:///modules/sessionstore/SessionFile.jsm", 433))
*** You are running in headless mode.
Sandbox: SandboxBroker: thread creation failed: Resource temporarily unavailable
Exiting due to channel error.
JavaScript error: resource://gre/modules/osfile/osfile_async_front.jsm, line 426: Error: OS.File has been shut down. Rejecting post to stat
*** You are running in headless mode.
FATAL ERROR: AsyncShutdown timeout in xpcom-will-shutdown Conditions: [{"name":"ScriptPreloader: Saving bytecode cache","state":"(none)","filename":"/build/firefox/src/firefox-83.0/js/xpconnect/loader/ScriptPreloader.cpp","lineNumber":265,"stack":["resource://gre/modules/nsAsyncShutdown.jsm:addBlocker:162","chrome://browser/content/browser.js:_schedulePerWindowIdleTasks/<:2419","chrome://browser/content/browser.js:idleTaskRunner:2334"]}] At least one completion condition failed to complete within a reasonable amount of time. Causing a crash to ensure that we do not leave the user with an unresponsive process draining resources.
[Parent 1466856, Main Thread] ###!!! ABORT: file /build/firefox/src/firefox-83.0/js/xpconnect/loader/ScriptPreloader.cpp:265
[Parent 1466856, Main Thread] ###!!! ABORT: file /build/firefox/src/firefox-83.0/js/xpconnect/loader/ScriptPreloader.cpp:265
ExceptionHandler::GenerateDump cloned child 1469985
ExceptionHandler::SendContinueSignalToChild sent continue signal to child
ExceptionHandler::WaitForContinueSignal waiting for continue signal...
*** You are running in headless mode.
console.warn: SearchSettings: "get: No settings file exists, new profile?" (new Error("", "(unknown module)"))
1606780045427	Marionette	INFO	Listening on port 43331
1606780045477	Marionette	WARN	TLS certificate errors will be ignored for this session
[Parent 1470002, Gecko_IOThread] WARNING: Failed to launch tab subprocess: file /build/firefox/src/firefox-83.0/ipc/glue/GeckoChildProcessHost.cpp:745
[Parent 1470002, Gecko_IOThread] WARNING: Failed to launch tab subprocess: file /build/firefox/src/firefox-83.0/ipc/glue/GeckoChildProcessHost.cpp:745
A content process crashed and MOZ_CRASHREPORTER_SHUTDOWN is set, shutting down
1606780046862	Marionette	ERROR	[15] No reply from Marionette:Register
1606780046917	Marionette	INFO	Stopped listening on port 43331
*** You are running in headless mode.
*** You are running in headless mode.
*** You are running in headless mode.
WARNING: At least one completion condition is taking too long to complete. Conditions: [{"name":"ScriptPreloader: Saving bytecode cache","state":"(none)","filename":"/build/firefox/src/firefox-83.0/js/xpconnect/loader/ScriptPreloader.cpp","lineNumber":265,"stack":["resource://gre/modules/nsAsyncShutdown.jsm:addBlocker:162","chrome://browser/content/browser.js:_schedulePerWindowIdleTasks/<:2419","chrome://browser/content/browser.js:idleTaskRunner:2334"]}] Barrier: xpcom-will-shutdown
console.error: (new Error("SessionFile is closed", "resource:///modules/sessionstore/SessionFile.jsm", 433))
*** You are running in headless mode.
Sandbox: SandboxBroker: thread creation failed: Resource temporarily unavailable
Exiting due to channel error.
JavaScript error: resource://gre/modules/osfile/osfile_async_front.jsm, line 426: Error: OS.File has been shut down. Rejecting post to stat
FATAL ERROR: AsyncShutdown timeout in xpcom-will-shutdown Conditions: [{"name":"ScriptPreloader: Saving bytecode cache","state":"(none)","filename":"/build/firefox/src/firefox-83.0/js/xpconnect/loader/ScriptPreloader.cpp","lineNumber":265,"stack":["resource://gre/modules/nsAsyncShutdown.jsm:addBlocker:162","chrome://browser/content/browser.js:_schedulePerWindowIdleTasks/<:2419","chrome://browser/content/browser.js:idleTaskRunner:2334"]}] At least one completion condition failed to complete within a reasonable amount of time. Causing a crash to ensure that we do not leave the user with an unresponsive process draining resources.
[Parent 1470002, Main Thread] ###!!! ABORT: file /build/firefox/src/firefox-83.0/js/xpconnect/loader/ScriptPreloader.cpp:265
[Parent 1470002, Main Thread] ###!!! ABORT: file /build/firefox/src/firefox-83.0/js/xpconnect/loader/ScriptPreloader.cpp:265
ExceptionHandler::GenerateDump cloned child 1473867
ExceptionHandler::SendContinueSignalToChild sent continue signal to child
ExceptionHandler::WaitForContinueSignal waiting for continue signal...
Exiting due to channel error.
Exiting due to channel error.
Exiting due to channel error.
Exiting due to channel error.
Exiting due to channel error.
Exiting due to channel error.
Exiting due to channel error.
Exiting due to channel error.
Exiting due to channel error.
Exiting due to channel error.
Exiting due to channel error.
Exiting due to channel error.
Exiting due to channel error.
Exiting due to channel error.
[GFX1-]: Receive IPC close with reason=AbnormalShutdown
Exiting due to channel error.
Exiting due to channel error.
Exiting due to channel error.
Exiting due to channel error.
*** You are running in headless mode.
console.warn: SearchSettings: "get: No settings file exists, new profile?" (new Error("", "(unknown module)"))
1606780212108	Marionette	INFO	Listening on port 46187
1606780212200	Marionette	WARN	TLS certificate errors will be ignored for this session
1606780216285	Marionette	INFO	Stopped listening on port 46187
*** You are running in headless mode.
console.warn: SearchSettings: "get: No settings file exists, new profile?" (new Error("", "(unknown module)"))
1606780289984	Marionette	INFO	Listening on port 43883
1606780290040	Marionette	WARN	TLS certificate errors will be ignored for this session
1606780292518	Marionette	INFO	Stopped listening on port 43883
*** You are running in headless mode.
console.warn: SearchSettings: "get: No settings file exists, new profile?" (new Error("", "(unknown module)"))
1606780421326	Marionette	INFO	Listening on port 33491
1606780421437	Marionette	WARN	TLS certificate errors will be ignored for this session
1606780424521	Marionette	INFO	Stopped listening on port 33491
*** You are running in headless mode.
console.warn: SearchSettings: "get: No settings file exists, new profile?" (new Error("", "(unknown module)"))
1606780445705	Marionette	INFO	Listening on port 37749
1606780445736	Marionette	WARN	TLS certificate errors will be ignored for this session
1606780449169	Marionette	INFO	Stopped listening on port 37749
*** You are running in headless mode.
console.warn: SearchSettings: "get: No settings file exists, new profile?" (new Error("", "(unknown module)"))
1606780531082	Marionette	INFO	Listening on port 40779
1606780531105	Marionette	WARN	TLS certificate errors will be ignored for this session
1606780533903	Marionette	INFO	Stopped listening on port 40779
*** You are running in headless mode.
console.warn: SearchSettings: "get: No settings file exists, new profile?" (new Error("", "(unknown module)"))
1606780579226	Marionette	INFO	Listening on port 43405
1606780579339	Marionette	WARN	TLS certificate errors will be ignored for this session
1606780582065	Marionette	INFO	Stopped listening on port 43405
*** You are running in headless mode.
console.warn: SearchSettings: "get: No settings file exists, new profile?" (new Error("", "(unknown module)"))
1606780593064	Marionette	INFO	Listening on port 37305
1606780593132	Marionette	WARN	TLS certificate errors will be ignored for this session
1606780595277	Marionette	INFO	Stopped listening on port 37305
*** You are running in headless mode.
console.warn: SearchSettings: "get: No settings file exists, new profile?" (new Error("", "(unknown module)"))
1606780603426	Marionette	INFO	Listening on port 45017
1606780603457	Marionette	WARN	TLS certificate errors will be ignored for this session
1606780605805	Marionette	INFO	Stopped listening on port 45017
*** You are running in headless mode.
console.warn: SearchSettings: "get: No settings file exists, new profile?" (new Error("", "(unknown module)"))
1606780620201	Marionette	INFO	Listening on port 38183
1606780620261	Marionette	WARN	TLS certificate errors will be ignored for this session
1606780622401	Marionette	INFO	Stopped listening on port 38183
*** You are running in headless mode.
console.warn: SearchSettings: "get: No settings file exists, new profile?" (new Error("", "(unknown module)"))
1606780635744	Marionette	INFO	Listening on port 33659
1606780635850	Marionette	WARN	TLS certificate errors will be ignored for this session
1606780637789	Marionette	INFO	Stopped listening on port 33659
*** You are running in headless mode.
console.warn: SearchSettings: "get: No settings file exists, new profile?" (new Error("", "(unknown module)"))
1606780657613	Marionette	INFO	Listening on port 45135
1606780657646	Marionette	WARN	TLS certificate errors will be ignored for this session
1606780660463	Marionette	INFO	Stopped listening on port 45135
*** You are running in headless mode.
console.warn: SearchSettings: "get: No settings file exists, new profile?" (new Error("", "(unknown module)"))
1606780668343	Marionette	INFO	Listening on port 33267
1606780668405	Marionette	WARN	TLS certificate errors will be ignored for this session
1606780670585	Marionette	INFO	Stopped listening on port 33267
*** You are running in headless mode.
console.warn: SearchSettings: "get: No settings file exists, new profile?" (new Error("", "(unknown module)"))
1606780983406	Marionette	INFO	Listening on port 42873
1606780983451	Marionette	WARN	TLS certificate errors will be ignored for this session
1606780986951	Marionette	INFO	Stopped listening on port 42873
*** You are running in headless mode.
console.warn: SearchSettings: "get: No settings file exists, new profile?" (new Error("", "(unknown module)"))
1606781029171	Marionette	INFO	Listening on port 39413
1606781029268	Marionette	WARN	TLS certificate errors will be ignored for this session
1606781031309	Marionette	INFO	Stopped listening on port 39413
*** You are running in headless mode.
console.warn: SearchSettings: "get: No settings file exists, new profile?" (new Error("", "(unknown module)"))
1606781093817	Marionette	INFO	Listening on port 45803
1606781093882	Marionette	WARN	TLS certificate errors will be ignored for this session
1606781097001	Marionette	INFO	Stopped listening on port 45803
*** You are running in headless mode.
console.warn: SearchSettings: "get: No settings file exists, new profile?" (new Error("", "(unknown module)"))
1606814889102	Marionette	INFO	Listening on port 33929
1606814889199	Marionette	WARN	TLS certificate errors will be ignored for this session
1606814897608	Marionette	INFO	Stopped listening on port 33929
