[   0.000][v][cplayer] Command line options: '--no-input-terminal' '--really-quiet' '--no-stop-screensaver' '--wid=35651585' '--no-audio' '--image-display-duration=1' '--shuffle' '--loop-playlist=inf' '--playlist=-'
[   0.000][v][cplayer] mpv 0.36.0 Copyright © 2000-2023 mpv/MPlayer/mplayer2 projects
[   0.000][v][cplayer]  built on Sun Jul 23 05:49:29 2023
[   0.000][v][cplayer] libplacebo version: v5.264.1
[   0.000][v][cplayer] FFmpeg version: n6.1
[   0.000][v][cplayer] FFmpeg library versions:
[   0.000][v][cplayer]    libavutil       58.2.100 (runtime 58.29.100)
[   0.000][v][cplayer]    libavcodec      60.3.100 (runtime 60.31.102)
[   0.000][v][cplayer]    libavformat     60.3.100 (runtime 60.16.100)
[   0.000][v][cplayer]    libswscale      7.1.100 (runtime 7.5.100)
[   0.000][v][cplayer]    libavfilter     9.3.100 (runtime 9.12.100)
[   0.000][v][cplayer]    libswresample   4.10.100 (runtime 4.12.100)
[   0.000][v][cplayer] 
[   0.000][v][cplayer] Configuration: -Db_lto=true -Db_pie=true -Dpython.bytecompile=1 -Dlibmpv=true -Dcaca=disabled -Dcdda=enabled -Ddvbin=enabled -Ddvdnav=enabled -Dlibarchive=enabled -Dprefix=/usr -Dlibexecdir=lib -Dsbindir=bin -Dauto_features=auto -Dbuildtype=plain -Dwrap_mode=nodownload
[   0.000][v][cplayer] List of enabled features: alsa av-channel-layout avif_muxer build-date cdda cplugins cuda-hwaccel cuda-interop dmabuf-interop-gl dmabuf-interop-pl dmabuf-wayland drm drm-is-kms dvbin dvdnav egl egl-drm egl-helpers egl-x11 ffmpeg ffnvcodec gbm gl gl-wayland glibc-thread-name glob glob-posix gpl iconv jack javascript jpeg jpegxl lcms2 libarchive libass libavdevice libbluray libdl libm libplacebo libplacebo-next librt linux-fstatfs luajit manpage-build memfd_create noexecstack pipewire posix posix_shm pulse rubberband rubberband-3 shaderc stdatomic threads uchardet vaapi vaapi-drm vaapi-egl vaapi-libplacebo vaapi-wayland vaapi-x-egl vaapi-x11 vdpau vector vk_khr_display vt.h vulkan wayland wayland_protocols_1_27 wayland_protocols_1_31 wayland_protocols_1_32 x11 xv zimg zimg-st428 zlib
[   0.000][d][global] home path: '' -> '/home/archer/.config/mpv'
[   0.000][d][global] user path: '~~home/' -> '/home/archer/.config/mpv'
[   0.000][d][global] user path: '~~old_home/' -> '/home/archer/.mpv'
[   0.000][d][global] config path: 'encoding-profiles.conf' -/-> '/home/archer/.config/mpv/encoding-profiles.conf'
[   0.000][d][global] config path: 'encoding-profiles.conf' -/-> '/home/archer/.mpv/encoding-profiles.conf'
[   0.000][d][global] config path: 'encoding-profiles.conf' -> '/etc/mpv/encoding-profiles.conf'
[   0.000][v][cplayer] Reading config file /etc/mpv/encoding-profiles.conf
[   0.000][v][ifo_dvdnav] Opening /etc/mpv/encoding-profiles.conf
[   0.000][v][bdmv/bluray] Opening /etc/mpv/encoding-profiles.conf
[   0.000][v][file] Opening /etc/mpv/encoding-profiles.conf
[   0.000][d][file] resize stream to 131072 bytes, drop 0 bytes
[   0.000][d][file] Stream opened successfully.
[   0.000][v][cplayer] Applying profile 'default'...
[   0.000][d][global] config path: 'mpv.conf' -> '/home/archer/.config/mpv/mpv.conf'
[   0.000][d][global] config path: 'config' -/-> '/home/archer/.config/mpv/config'
[   0.000][d][global] config path: 'mpv.conf' -/-> '/home/archer/.mpv/mpv.conf'
[   0.000][d][global] config path: 'config' -/-> '/home/archer/.mpv/config'
[   0.000][d][global] config path: 'mpv.conf' -/-> '/etc/mpv/mpv.conf'
[   0.000][d][global] config path: 'config' -/-> '/etc/mpv/config'
[   0.000][v][cplayer] Reading config file /home/archer/.config/mpv/mpv.conf
[   0.000][v][ifo_dvdnav] Opening /home/archer/.config/mpv/mpv.conf
[   0.000][v][bdmv/bluray] Opening /home/archer/.config/mpv/mpv.conf
[   0.000][v][file] Opening /home/archer/.config/mpv/mpv.conf
[   0.000][d][file] resize stream to 131072 bytes, drop 0 bytes
[   0.000][d][file] Stream opened successfully.
[   0.000][v][cplayer] Applying profile 'default'...
[   0.000][v][cplayer] Setting option 'osc' = 'no' (flags = 4)
[   0.000][v][cplayer] Setting option 'border' = 'no' (flags = 4)
[   0.000][v][cplayer] Setting option 'profile' = 'gpu-hq' (flags = 4)
[   0.000][v][cplayer] Applying profile 'gpu-hq'...
[   0.000][v][cplayer] Setting option 'scale' = 'spline36' (flags = 4)
[   0.000][v][cplayer] Setting option 'cscale' = 'spline36' (flags = 4)
[   0.000][v][cplayer] Setting option 'dscale' = 'mitchell' (flags = 4)
[   0.000][v][cplayer] Setting option 'dither-depth' = 'auto' (flags = 4)
[   0.000][v][cplayer] Setting option 'hdr-contrast-recovery' = '0.30' (flags = 4)
[   0.000][v][cplayer] Setting option 'correct-downscaling' = 'yes' (flags = 4)
[   0.000][v][cplayer] Setting option 'linear-downscaling' = 'yes' (flags = 4)
[   0.000][v][cplayer] Setting option 'sigmoid-upscaling' = 'yes' (flags = 4)
[   0.000][v][cplayer] Setting option 'deband' = 'yes' (flags = 4)
[   0.000][v][cplayer] Setting option 'scale' = 'ewa_lanczossharp' (flags = 4)
[   0.000][v][cplayer] Setting option 'dscale' = 'ewa_lanczossharp' (flags = 4)
[   0.000][v][cplayer] Setting option 'cscale' = 'ewa_lanczossharp' (flags = 4)
[   0.000][v][cplayer] Setting option 'glsl-shaders' = '' (flags = 4)
[   0.000][v][cplayer] Setting option 'hwdec' = 'auto-copy' (flags = 4)
[   0.000][v][cplayer] Setting option 'hwdec-codecs' = 'all' (flags = 4)
[   0.000][v][cplayer] Setting option 'deband' = 'yes' (flags = 4)
[   0.000][v][cplayer] Setting option 'deband-iterations' = '2' (flags = 4)
[   0.000][v][cplayer] Setting option 'deband-threshold' = '35' (flags = 4)
[   0.000][v][cplayer] Setting option 'deband-range' = '20' (flags = 4)
[   0.000][v][cplayer] Setting option 'deband-grain' = '5' (flags = 4)
[   0.000][v][cplayer] Setting option 'alang' = 'ja,jp,jpn,en,eng,de,deu,ger' (flags = 4)
[   0.000][v][cplayer] Setting option 'slang' = 'en,eng,de,deu,ger' (flags = 4)
[   0.000][v][cplayer] Setting option 'log-file' = '~~/mpv.log' (flags = 4)
[   0.000][v][cplayer] Setting option 'screenshot-directory' = '~/Pictures/mpv/' (flags = 4)
[   0.000][v][cplayer] Setting option 'screenshot-format' = 'jpg' (flags = 4)
[   0.000][v][cplayer] Setting option 'screenshot-high-bit-depth' = 'no' (flags = 4)
[   0.000][v][cplayer] Setting option 'screenshot-template' = '%f_%wH.%wM.%wS.%wT' (flags = 4)
[   0.000][v][cplayer] Setting option 'screenshot-jpeg-quality' = '96' (flags = 4)
[   0.000][v][cplayer] Setting option 'dither-depth' = 'auto' (flags = 4)
[   0.000][v][cplayer] Setting option 'dither' = 'error-diffusion' (flags = 4)
[   0.000][v][cplayer] Setting option 'error-diffusion' = 'stucki' (flags = 4)
[   0.000][v][cplayer] Setting option 'input-terminal' = 'no' (flags = 8)
[   0.000][v][cplayer] Setting option 'really-quiet' = '' (flags = 8)
[   0.000][v][cplayer] Setting option 'stop-screensaver' = 'no' (flags = 8)
[   0.000][v][cplayer] Setting option 'wid' = '35651585' (flags = 8)
[   0.000][v][cplayer] Setting option 'audio' = 'no' (flags = 8)
[   0.000][v][cplayer] Setting option 'image-display-duration' = '1' (flags = 8)
[   0.000][v][cplayer] Setting option 'shuffle' = '' (flags = 8)
[   0.000][v][cplayer] Setting option 'loop-playlist' = 'inf' (flags = 8)
[   0.000][v][cplayer] Setting option 'playlist' = '-' (flags = 8)
[   0.000][v][playlist_parser] Parsing playlist file -...
[   0.000][v][ifo_dvdnav] Opening -
[   0.000][v][bdmv/bluray] Opening -
[   0.000][v][file] Opening -
[   0.000][i][file] Reading from stdin...
[   0.000][d][file] resize stream to 131072 bytes, drop 0 bytes
[   0.000][d][file] Stream opened successfully.
[   0.000][v][demux] Trying demuxers for level=request.
[   0.000][d][demux] Trying demuxer: playlist (force-level: request)
[   0.000][w][playlist] Reading plaintext playlist.
[   0.000][v][playlist] demuxer read all data; closing stream
[   0.000][v][demux] Detected file format: txt (Playlist file)
[   0.000][v][demux] Stream is not seekable.
[   0.000][v][playlist_parser] Playlist successfully parsed
[   0.000][d][global] config path: 'input.conf' -> '/home/archer/.config/mpv/input.conf'
[   0.000][d][global] config path: 'input.conf' -/-> '/home/archer/.mpv/input.conf'
[   0.000][d][global] config path: 'input.conf' -/-> '/etc/mpv/input.conf'
[   0.000][d][global] user path: '/home/archer/.config/mpv/input.conf' -> '/home/archer/.config/mpv/input.conf'
[   0.000][v][ifo_dvdnav] Opening /home/archer/.config/mpv/input.conf
[   0.000][v][bdmv/bluray] Opening /home/archer/.config/mpv/input.conf
[   0.000][v][file] Opening /home/archer/.config/mpv/input.conf
[   0.000][d][file] resize stream to 131072 bytes, drop 0 bytes
[   0.000][d][file] Stream opened successfully.
[   0.000][v][input] Parsing input config file /home/archer/.config/mpv/input.conf
[   0.000][v][input] Input config file /home/archer/.config/mpv/input.conf parsed: 7 binds
[   0.000][d][global] config path: 'mpv.log' -> '/home/archer/.config/mpv/mpv.log'
[   0.000][d][global] user path: '~~/mpv.log' -> '/home/archer/.config/mpv/mpv.log'
[   0.029][v][cplayer] mpv 0.36.0 Copyright © 2000-2023 mpv/MPlayer/mplayer2 projects
[   0.029][v][cplayer]  built on Sun Jul 23 05:49:29 2023
[   0.029][v][cplayer] libplacebo version: v5.264.1
[   0.029][v][cplayer] FFmpeg version: n6.1
[   0.029][v][cplayer] FFmpeg library versions:
[   0.029][v][cplayer]    libavutil       58.2.100 (runtime 58.29.100)
[   0.029][v][cplayer]    libavcodec      60.3.100 (runtime 60.31.102)
[   0.029][v][cplayer]    libavformat     60.3.100 (runtime 60.16.100)
[   0.030][v][cplayer]    libswscale      7.1.100 (runtime 7.5.100)
[   0.030][v][cplayer]    libavfilter     9.3.100 (runtime 9.12.100)
[   0.030][v][cplayer]    libswresample   4.10.100 (runtime 4.12.100)
[   0.030][v][cplayer] 
[   0.030][v][cplayer] Configuration: -Db_lto=true -Db_pie=true -Dpython.bytecompile=1 -Dlibmpv=true -Dcaca=disabled -Dcdda=enabled -Ddvbin=enabled -Ddvdnav=enabled -Dlibarchive=enabled -Dprefix=/usr -Dlibexecdir=lib -Dsbindir=bin -Dauto_features=auto -Dbuildtype=plain -Dwrap_mode=nodownload
[   0.030][v][cplayer] List of enabled features: alsa av-channel-layout avif_muxer build-date cdda cplugins cuda-hwaccel cuda-interop dmabuf-interop-gl dmabuf-interop-pl dmabuf-wayland drm drm-is-kms dvbin dvdnav egl egl-drm egl-helpers egl-x11 ffmpeg ffnvcodec gbm gl gl-wayland glibc-thread-name glob glob-posix gpl iconv jack javascript jpeg jpegxl lcms2 libarchive libass libavdevice libbluray libdl libm libplacebo libplacebo-next librt linux-fstatfs luajit manpage-build memfd_create noexecstack pipewire posix posix_shm pulse rubberband rubberband-3 shaderc stdatomic threads uchardet vaapi vaapi-drm vaapi-egl vaapi-libplacebo vaapi-wayland vaapi-x-egl vaapi-x11 vdpau vector vk_khr_display vt.h vulkan wayland wayland_protocols_1_27 wayland_protocols_1_31 wayland_protocols_1_32 x11 xv zimg zimg-st428 zlib
[   0.030][d][ytdl_hook] Loading lua script @ytdl_hook.lua...
[   0.030][d][stats] Loading lua script @stats.lua...
[   0.030][d][console] Loading lua script @console.lua...
[   0.030][d][auto_profiles] Loading lua script @auto_profiles.lua...
[   0.030][d][ytdl_hook] loading mp.defaults
[   0.031][d][stats] loading mp.defaults
[   0.031][d][console] loading mp.defaults
[   0.031][d][auto_profiles] loading mp.defaults
[   0.031][d][global] config path: 'scripts' -> '/home/archer/.config/mpv/scripts'
[   0.031][d][global] config path: 'scripts' -/-> '/home/archer/.mpv/scripts'
[   0.032][d][global] config path: 'scripts' -> '/etc/mpv/scripts'
[   0.032][d][mpris] Loading SO plugin /etc/mpv/scripts/mpris.so...
[   0.033][d][skip_intro] Loading lua script /home/archer/.config/mpv/scripts/skip-intro.lua...
[   0.034][d][ytdl_hook] loading @ytdl_hook.lua
[   0.034][d][stats] loading @stats.lua
[   0.035][d][console] loading @console.lua
[   0.035][d][auto_profiles] loading @auto_profiles.lua
[   0.037][d][ytdl_hook] reading options for ytdl_hook 
[   0.038][d][global] config path: 'script-opts/ytdl_hook.conf' -/-> '/home/archer/.config/mpv/script-opts/ytdl_hook.conf'
[   0.038][d][global] config path: 'script-opts/ytdl_hook.conf' -/-> '/home/archer/.mpv/script-opts/ytdl_hook.conf'
[   0.038][d][global] config path: 'script-opts/ytdl_hook.conf' -/-> '/etc/mpv/script-opts/ytdl_hook.conf'
[   0.038][d][ytdl_hook] script-opts/ytdl_hook.conf not found. 
[   0.038][d][global] config path: 'lua-settings/ytdl_hook.conf' -/-> '/home/archer/.config/mpv/lua-settings/ytdl_hook.conf'
[   0.038][d][global] config path: 'lua-settings/ytdl_hook.conf' -/-> '/home/archer/.mpv/lua-settings/ytdl_hook.conf'
[   0.038][d][global] config path: 'lua-settings/ytdl_hook.conf' -/-> '/etc/mpv/lua-settings/ytdl_hook.conf'
[   0.038][d][ytdl_hook] lua-settings/ytdl_hook.conf not found. 
[   0.039][d][webm] Loading lua script /home/archer/.config/mpv/scripts/webm.lua...
[   0.039][d][stats] reading options for stats 
[   0.039][d][global] config path: 'script-opts/stats.conf' -/-> '/home/archer/.config/mpv/script-opts/stats.conf'
[   0.039][d][global] config path: 'script-opts/stats.conf' -/-> '/home/archer/.mpv/script-opts/stats.conf'
[   0.039][d][global] config path: 'script-opts/stats.conf' -/-> '/etc/mpv/script-opts/stats.conf'
[   0.040][d][stats] script-opts/stats.conf not found. 
[   0.040][d][global] config path: 'lua-settings/stats.conf' -/-> '/home/archer/.config/mpv/lua-settings/stats.conf'
[   0.040][d][global] config path: 'lua-settings/stats.conf' -/-> '/home/archer/.mpv/lua-settings/stats.conf'
[   0.040][d][global] config path: 'lua-settings/stats.conf' -/-> '/etc/mpv/lua-settings/stats.conf'
[   0.040][d][stats] lua-settings/stats.conf not found. 
[   0.040][d][MordenX] Loading lua script /home/archer/.config/mpv/scripts/MordenX/main.lua...
[   0.040][d][skip_intro] loading mp.defaults
[   0.040][d][thumbfast] Loading lua script /home/archer/.config/mpv/scripts/thumbfast/main.lua...
[   0.040][d][webm] loading mp.defaults
[   0.041][v][cplayer] Waiting for scripts...
[   0.041][d][console] reading options for console 
[   0.041][d][global] config path: 'script-opts/console.conf' -/-> '/home/archer/.config/mpv/script-opts/console.conf'
[   0.041][d][global] config path: 'script-opts/console.conf' -/-> '/home/archer/.mpv/script-opts/console.conf'
[   0.041][d][global] config path: 'script-opts/console.conf' -/-> '/etc/mpv/script-opts/console.conf'
[   0.041][d][console] script-opts/console.conf not found. 
[   0.041][d][global] config path: 'lua-settings/console.conf' -/-> '/home/archer/.config/mpv/lua-settings/console.conf'
[   0.041][d][global] config path: 'lua-settings/console.conf' -/-> '/home/archer/.mpv/lua-settings/console.conf'
[   0.041][d][global] config path: 'lua-settings/console.conf' -/-> '/etc/mpv/lua-settings/console.conf'
[   0.041][d][console] lua-settings/console.conf not found. 
[   0.041][d][MordenX] loading mp.defaults
[   0.041][d][thumbfast] loading mp.defaults
[   0.044][d][webm] loading file /home/archer/.config/mpv/scripts/webm.lua
[   0.044][d][skip_intro] loading file /home/archer/.config/mpv/scripts/skip-intro.lua
[   0.045][d][MordenX] loading file /home/archer/.config/mpv/scripts/MordenX/main.lua
[   0.046][d][thumbfast] loading file /home/archer/.config/mpv/scripts/thumbfast/main.lua
[   0.046][d][skip_intro] reading options for skip_intro 
[   0.046][d][global] config path: 'script-opts/skip_intro.conf' -/-> '/home/archer/.config/mpv/script-opts/skip_intro.conf'
[   0.046][d][global] config path: 'script-opts/skip_intro.conf' -/-> '/home/archer/.mpv/script-opts/skip_intro.conf'
[   0.046][d][global] config path: 'script-opts/skip_intro.conf' -/-> '/etc/mpv/script-opts/skip_intro.conf'
[   0.047][d][skip_intro] script-opts/skip_intro.conf not found. 
[   0.047][d][global] config path: 'lua-settings/skip_intro.conf' -/-> '/home/archer/.config/mpv/lua-settings/skip_intro.conf'
[   0.047][d][global] config path: 'lua-settings/skip_intro.conf' -/-> '/home/archer/.mpv/lua-settings/skip_intro.conf'
[   0.047][d][global] config path: 'lua-settings/skip_intro.conf' -/-> '/etc/mpv/lua-settings/skip_intro.conf'
[   0.047][d][skip_intro] lua-settings/skip_intro.conf not found. 
[   0.048][d][cplayer] Run command: define-section, flags=64, args=[name="input_console", contents="", flags="default"]
[   0.048][d][cplayer] Run command: enable-section, flags=64, args=[name="input_console", flags="allow-hide-cursor+allow-vo-dragging"]
[   0.048][d][cplayer] Run command: define-section, flags=64, args=[name="input_forced_console", contents="", flags="force"]
[   0.048][d][cplayer] Run command: enable-section, flags=64, args=[name="input_forced_console", flags="allow-hide-cursor+allow-vo-dragging"]
[   0.048][d][cplayer] Run command: define-section, flags=64, args=[name="input_stats", contents="", flags="default"]
[   0.048][d][cplayer] Run command: enable-section, flags=64, args=[name="input_stats", flags="allow-hide-cursor+allow-vo-dragging"]
[   0.049][v][cplayer] Set property: af=[{"enabled":false,"label":"silencedetect","name":"lavfi","params":{"graph":"silencedetect=noise=-45dB:d=0.85"}}] -> 1
[   0.049][d][cplayer] Run command: define-section, flags=64, args=[name="input_forced_stats", contents="", flags="force"]
[   0.049][d][cplayer] Run command: enable-section, flags=64, args=[name="input_forced_stats", flags="allow-hide-cursor+allow-vo-dragging"]
[   0.049][v][cplayer] Set property: vf=[{"enabled":false,"label":"blackout","name":"lavfi","params":{"graph":""}}] -> 1
[   0.050][d][auto_profiles] Exiting...
[   0.050][d][cplayer] Run command: define-section, flags=64, args=[name="input_skip_intro", contents="Tab script-binding skip_intro/skip-key\n", flags="default"]
[   0.050][d][global] config path: 'fonts' -> '/home/archer/.config/mpv/fonts'
[   0.050][d][osd/libass] ASS library version: 0x1701000 (runtime 0x1701000)
[   0.050][v][osd/libass] libass API version: 0x1701000
[   0.050][v][osd/libass] libass source: commit: 0.17.1-0-ge8ad72accd3a84268275a9385beb701c9284e5b3-dirty
[   0.051][v][osd/libass] Shaper: FriBidi 1.0.13 (SIMPLE) HarfBuzz-ng 8.3.0 (COMPLEX)
[   0.051][d][global] config path: 'subfont.ttf' -/-> '/home/archer/.config/mpv/subfont.ttf'
[   0.051][d][global] config path: 'subfont.ttf' -/-> '/home/archer/.mpv/subfont.ttf'
[   0.051][d][global] config path: 'subfont.ttf' -/-> '/etc/mpv/subfont.ttf'
[   0.051][d][global] config path: 'fonts.conf' -/-> '/home/archer/.config/mpv/fonts.conf'
[   0.051][d][global] config path: 'fonts.conf' -/-> '/home/archer/.mpv/fonts.conf'
[   0.051][d][global] config path: 'fonts.conf' -/-> '/etc/mpv/fonts.conf'
[   0.051][v][osd/libass] Setting up fonts...
[   0.052][d][thumbfast] reading options for thumbfast 
[   0.052][d][global] config path: 'script-opts/thumbfast.conf' -/-> '/home/archer/.config/mpv/script-opts/thumbfast.conf'
[   0.052][d][global] config path: 'script-opts/thumbfast.conf' -/-> '/home/archer/.mpv/script-opts/thumbfast.conf'
[   0.052][d][global] config path: 'script-opts/thumbfast.conf' -/-> '/etc/mpv/script-opts/thumbfast.conf'
[   0.052][d][thumbfast] script-opts/thumbfast.conf not found. 
[   0.052][d][global] config path: 'lua-settings/thumbfast.conf' -/-> '/home/archer/.config/mpv/lua-settings/thumbfast.conf'
[   0.052][d][global] config path: 'lua-settings/thumbfast.conf' -/-> '/home/archer/.mpv/lua-settings/thumbfast.conf'
[   0.052][d][global] config path: 'lua-settings/thumbfast.conf' -/-> '/etc/mpv/lua-settings/thumbfast.conf'
[   0.052][d][thumbfast] lua-settings/thumbfast.conf not found. 
[   0.057][d][webm] reading options for webm 
[   0.057][d][global] config path: 'script-opts/webm.conf' -/-> '/home/archer/.config/mpv/script-opts/webm.conf'
[   0.057][d][global] config path: 'script-opts/webm.conf' -/-> '/home/archer/.mpv/script-opts/webm.conf'
[   0.057][d][global] config path: 'script-opts/webm.conf' -/-> '/etc/mpv/script-opts/webm.conf'
[   0.057][d][webm] script-opts/webm.conf not found. 
[   0.057][d][global] config path: 'lua-settings/webm.conf' -/-> '/home/archer/.config/mpv/lua-settings/webm.conf'
[   0.057][d][global] config path: 'lua-settings/webm.conf' -/-> '/home/archer/.mpv/lua-settings/webm.conf'
[   0.057][d][global] config path: 'lua-settings/webm.conf' -/-> '/etc/mpv/lua-settings/webm.conf'
[   0.057][d][webm] lua-settings/webm.conf not found. 
[   0.058][d][MordenX] reading options for osc 
[   0.058][d][global] config path: 'script-opts/osc.conf' -/-> '/home/archer/.config/mpv/script-opts/osc.conf'
[   0.058][d][global] config path: 'script-opts/osc.conf' -/-> '/home/archer/.mpv/script-opts/osc.conf'
[   0.058][d][global] config path: 'script-opts/osc.conf' -/-> '/etc/mpv/script-opts/osc.conf'
[   0.058][d][MordenX] script-opts/osc.conf not found. 
[   0.058][d][global] config path: 'lua-settings/osc.conf' -/-> '/home/archer/.config/mpv/lua-settings/osc.conf'
[   0.058][d][global] config path: 'lua-settings/osc.conf' -/-> '/home/archer/.mpv/lua-settings/osc.conf'
[   0.058][d][global] config path: 'lua-settings/osc.conf' -/-> '/etc/mpv/lua-settings/osc.conf'
[   0.058][d][MordenX] lua-settings/osc.conf not found. 
[   0.059][v][osd/libass] Loading font file '/home/archer/.config/mpv/fonts/Material-Design-Iconic-Font.ttf'
[   0.082][v][osd/libass] Using font provider fontconfig
[   0.082][v][osd/libass] Done.
[   0.084][d][cplayer] Run command: enable-section, flags=64, args=[name="input_skip_intro", flags="allow-hide-cursor+allow-vo-dragging"]
[   0.084][d][cplayer] Run command: define-section, flags=64, args=[name="input_forced_skip_intro", contents="", flags="force"]
[   0.084][d][cplayer] Run command: enable-section, flags=64, args=[name="input_forced_skip_intro", flags="allow-hide-cursor+allow-vo-dragging"]
[   0.086][v][webm] Loaded mpv-webm script! 
[   0.086][d][cplayer] Run command: script-message, flags=64, args=[args="webm-script-loaded"]
[   0.086][d][cplayer] Run command: define-section, flags=64, args=[name="showhide", contents="mouse_move script-binding MordenX/__keybinding1\nmouse_leave script-binding MordenX/__keybinding2\n", flags="force"]
[   0.087][d][cplayer] Run command: define-section, flags=64, args=[name="showhide_wc", contents="mouse_move script-binding MordenX/__keybinding3\nmouse_leave script-binding MordenX/__keybinding4\n", flags="force"]
[   0.087][d][cplayer] Run command: define-section, flags=64, args=[name="input_webm", contents="W script-binding webm/display-webm-encoder\n", flags="default"]
[   0.087][d][cplayer] Run command: enable-section, flags=64, args=[name="input_webm", flags="allow-hide-cursor+allow-vo-dragging"]
[   0.087][d][cplayer] Run command: enable-section, flags=64, args=[name="showhide", flags="allow-hide-cursor+allow-vo-dragging"]
[   0.087][d][cplayer] Run command: define-section, flags=64, args=[name="input_forced_webm", contents="", flags="force"]
[   0.088][d][cplayer] Run command: enable-section, flags=64, args=[name="showhide_wc", flags="allow-hide-cursor+allow-vo-dragging"]
[   0.088][d][cplayer] Run command: enable-section, flags=64, args=[name="input_forced_webm", flags="allow-hide-cursor+allow-vo-dragging"]
[   0.088][d][cplayer] Run command: define-section, flags=64, args=[name="input", contents="mbtn_left script-binding MordenX/__keybinding5\nshift+mbtn_left script-binding MordenX/__keybinding6\nmbtn_right script-binding MordenX/__keybinding7\nmbtn_mid script-binding MordenX/__keybinding8\nwheel_up script-binding MordenX/__keybinding9\nwheel_down script-binding MordenX/__keybinding10\nmbtn_left_dbl ignore\nshift+mbtn_left_dbl ignore\nmbtn_right_dbl ignore\n", flags="force"]
[   0.088][d][cplayer] Run command: enable-section, flags=64, args=[name="input", flags=""]
[   0.088][d][cplayer] Run command: define-section, flags=64, args=[name="window-controls", contents="mbtn_left script-binding MordenX/__keybinding11\n", flags="force"]
[   0.088][d][cplayer] Run command: enable-section, flags=64, args=[name="window-controls", flags=""]
[   0.088][d][cplayer] Run command: change-list, flags=64, args=[name="shared-script-properties", operation="append", value="osc-visibility=auto"]
[   0.088][v][cplayer] Set property: shared-script-properties -> 1
[   0.088][d][cplayer] Run command: disable-section, flags=64, args=[name="input"]
[   0.088][d][cplayer] Run command: disable-section, flags=64, args=[name="window-controls"]
[   0.088][v][cplayer] Done loading scripts.
[   0.088][d][global] state path: 'watch_later' -> '/home/archer/.local/state/mpv/watch_later'
[   0.089][d][global] state path: 'watch_later' -> '/home/archer/.local/state/mpv/watch_later'
[   0.089][v][cplayer] Running hook: ytdl_hook/on_load
[   0.089][v][ytdl_hook] ytdl:// hook 
[   0.091][d][cplayer] Run command: change-list, flags=64, args=[name="shared-script-properties", operation="append", value="osc-visibility=auto"]
[   0.091][v][cplayer] Set property: shared-script-properties -> 1
[   0.091][v][ytdl_hook] not a ytdl:// url 
[   0.091][d][cplayer] Run command: disable-section, flags=64, args=[name="input"]
[   0.091][d][cplayer] Run command: disable-section, flags=64, args=[name="window-controls"]
[   0.091][v][ifo_dvdnav] Opening /home/archer/Videos/Wallpapers/Wallpaper Engine - Tree Breeze Animated Wallpaper.mp4
[   0.091][d][MordenX] osc_init 
[   0.091][v][bdmv/bluray] Opening /home/archer/Videos/Wallpapers/Wallpaper Engine - Tree Breeze Animated Wallpaper.mp4
[   0.092][v][file] Opening /home/archer/Videos/Wallpapers/Wallpaper Engine - Tree Breeze Animated Wallpaper.mp4
[   0.092][d][file] resize stream to 131072 bytes, drop 0 bytes
[   0.092][d][file] Stream opened successfully.
[   0.092][v][demux] Trying demuxers for level=normal.
[   0.092][d][demux] Trying demuxer: disc (force-level: normal)
[   0.092][d][demux] Trying demuxer: edl (force-level: normal)
[   0.093][d][cplayer] Run command: disable-section, flags=64, args=[name="window-controls"]
[   0.093][d][global] config path: 'fonts' -> '/home/archer/.config/mpv/fonts'
[   0.093][d][osd/libass] ASS library version: 0x1701000 (runtime 0x1701000)
[   0.093][v][osd/libass] libass API version: 0x1701000
[   0.093][v][osd/libass] libass source: commit: 0.17.1-0-ge8ad72accd3a84268275a9385beb701c9284e5b3-dirty
[   0.093][v][osd/libass] Shaper: FriBidi 1.0.13 (SIMPLE) HarfBuzz-ng 8.3.0 (COMPLEX)
[   0.093][d][global] config path: 'subfont.ttf' -/-> '/home/archer/.config/mpv/subfont.ttf'
[   0.093][d][global] config path: 'subfont.ttf' -/-> '/home/archer/.mpv/subfont.ttf'
[   0.093][d][global] config path: 'subfont.ttf' -/-> '/etc/mpv/subfont.ttf'
[   0.093][d][global] config path: 'fonts.conf' -/-> '/home/archer/.config/mpv/fonts.conf'
[   0.093][d][global] config path: 'fonts.conf' -/-> '/home/archer/.mpv/fonts.conf'
[   0.093][d][global] config path: 'fonts.conf' -/-> '/etc/mpv/fonts.conf'
[   0.093][v][osd/libass] Setting up fonts...
[   0.096][d][demux] Trying demuxer: cue (force-level: normal)
[   0.096][d][demux] Trying demuxer: rawaudio (force-level: normal)
[   0.096][d][demux] Trying demuxer: rawvideo (force-level: normal)
[   0.096][d][demux] Trying demuxer: mkv (force-level: normal)
[   0.096][d][demux] Trying demuxer: libarchive (force-level: normal)
[   0.102][v][osd/libass] Loading font file '/home/archer/.config/mpv/fonts/Material-Design-Iconic-Font.ttf'
[   0.103][d][demux] Trying demuxer: lavf (force-level: normal)
[   0.107][v][lavf] Found 'mov,mp4,m4a,3gp,3g2,mj2' at score=100 size=2048.
[   0.108][d][ffmpeg/video] h264: Reinit context to 1280x720, pix_fmt: yuv420p
[   0.109][v][demux] Detected file format: mov,mp4,m4a,3gp,3g2,mj2 (libavformat)
[   0.109][v][cplayer] Opening done: /home/archer/Videos/Wallpapers/Wallpaper Engine - Tree Breeze Animated Wallpaper.mp4
[   0.128][v][osd/libass] Using font provider fontconfig
[   0.128][v][osd/libass] Done.
[   0.130][v][find_files] Loading external files in /home/archer/Videos/Wallpapers/
[   0.130][d][global] config path: 'sub' -/-> '/home/archer/.config/mpv/sub'
[   0.130][d][global] config path: 'sub' -/-> '/home/archer/.mpv/sub'
[   0.130][d][global] config path: 'sub' -/-> '/etc/mpv/sub'
[   0.131][v][cplayer] Running hook: ytdl_hook/on_preloaded
[   0.131][v][lavf] select track 0
[   0.131][i][cplayer]  (+) Video --vid=1 (*) (h264 1280x720 25.000fps)
[   0.131][i][cplayer]      Audio --aid=1 (*) (aac 2ch 44100Hz)
[   0.132][v][vo/gpu] Probing for best GPU context.
[   0.132][v][vo/gpu/opengl] Initializing GPU context 'wayland'
[   0.133][v][vo/gpu/opengl] Initializing GPU context 'x11egl'
[   0.133][v][vo/gpu/x11] X11 opening display: :0
[   0.146][d][vo/gpu/x11] X11 running at 1920x1080 (":0" => local display)
[   0.147][v][vo/gpu/x11] Display 0 (DP-2): [0, 0, 1920, 1080] @ 60.163850 FPS
[   0.148][v][vo/gpu/x11] Current display FPS: 60.163850
[   0.151][d][ffmpeg] AVIOContext: Statistics: 152366 bytes read, 0 seeks
[   0.185][v][vo/gpu/opengl] EGL_VERSION=1.5
[   0.185][v][vo/gpu/opengl] EGL_VENDOR=NVIDIA
[   0.185][v][vo/gpu/opengl] EGL_CLIENT_APIS=OpenGL_ES OpenGL
[   0.185][v][vo/gpu/opengl] Trying to create Desktop OpenGL context.
[   0.186][d][vo/gpu/opengl] Chosen EGLConfig:
[   0.186][d][vo/gpu/opengl]   EGL_CONFIG_ID=0x28
[   0.186][d][vo/gpu/opengl]   EGL_RED_SIZE=0x8
[   0.186][d][vo/gpu/opengl]   EGL_GREEN_SIZE=0x8
[   0.186][d][vo/gpu/opengl]   EGL_BLUE_SIZE=0x8
[   0.186][d][vo/gpu/opengl]   EGL_ALPHA_SIZE=0x0
[   0.186][d][vo/gpu/opengl]   EGL_COLOR_BUFFER_TYPE=0x308e
[   0.186][d][vo/gpu/opengl]   EGL_CONFIG_CAVEAT=0x3038
[   0.186][d][vo/gpu/opengl]   EGL_CONFORMANT=0x4d
[   0.186][d][vo/gpu/opengl]   EGL_NATIVE_VISUAL_ID=0x2b
[   0.209][v][vo/gpu/opengl] Choosing visual EGL config 0x28, visual ID 0x2b
[   0.209][v][vo/gpu/x11] The XPresent extension was found.
[   0.209][v][vo/gpu/x11] XPresent disabled.
[   0.277][v][vo/gpu/opengl] GL_VERSION='4.4.0 NVIDIA 530.41.03'
[   0.277][v][vo/gpu/opengl] Detected desktop OpenGL 4.4.
[   0.277][v][vo/gpu/opengl] GL_VENDOR='NVIDIA Corporation'
[   0.277][v][vo/gpu/opengl] GL_RENDERER='NVIDIA GeForce GTX 1660 Ti/PCIe/SSE2'
[   0.277][v][vo/gpu/opengl] GL_SHADING_LANGUAGE_VERSION='4.40 NVIDIA via Cg compiler'
[   0.277][d][vo/gpu/opengl] Combined OpenGL extensions string:
[   0.277][d][vo/gpu/opengl] EGL_EXT_buffer_age EGL_EXT_client_sync EGL_EXT_create_context_robustness EGL_EXT_image_dma_buf_import EGL_EXT_image_dma_buf_import_modifiers EGL_MESA_image_dma_buf_export EGL_EXT_output_base EGL_EXT_stream_acquire_mode EGL_EXT_sync_reuse EGL_IMG_context_priority EGL_KHR_config_attribs EGL_KHR_create_context_no_error EGL_KHR_context_flush_control EGL_KHR_create_context EGL_KHR_fence_sync EGL_KHR_get_all_proc_addresses EGL_KHR_partial_update EGL_KHR_swap_buffers_with_damage EGL_KHR_no_config_context EGL_KHR_gl_colorspace EGL_KHR_gl_renderbuffer_image EGL_KHR_gl_texture_2D_image EGL_KHR_gl_texture_3D_image EGL_KHR_gl_texture_cubemap_image EGL_KHR_image EGL_KHR_image_base EGL_KHR_image_pixmap EGL_KHR_reusable_sync EGL_KHR_stream EGL_KHR_stream_attrib EGL_KHR_stream_consumer_gltexture EGL_KHR_stream_cross_process_fd EGL_KHR_stream_fifo EGL_KHR_stream_producer_eglsurface EGL_KHR_surfaceless_context EGL_KHR_wait_sync EGL_NV_nvrm_fence_sync EGL_NV_post_sub_buffer EGL_NV_quadruple_buffer EGL_NV_stream_consumer_eglimage EGL_NV_stream_cross_display EGL_NV_stream_cross_object EGL_NV_stream_cross_process EGL_NV_stream_cross_system EGL_NV_stream_dma EGL_NV_stream_flush EGL_NV_stream_metadata EGL_NV_stream_remote EGL_NV_stream_reset EGL_NV_stream_socket EGL_NV_stream_socket_inet EGL_NV_stream_socket_unix EGL_NV_stream_sync EGL_NV_stream_fifo_next EGL_NV_stream_fifo_synchronous EGL_NV_stream_consumer_gltexture_yuv EGL_NV_stream_attrib EGL_NV_stream_origin EGL_NV_system_time EGL_NV_output_drm_flip_event EGL_NV_triple_buffer EGL_NV_robustness_video_memory_purge EGL_EXT_present_opaque EGL_WL_bind_wayland_display EGL_WL_wayland_eglstream GL_AMD_multi_draw_indirect GL_AMD_seamless_cubemap_per_texture GL_AMD_vertex_shader_viewport_index GL_AMD_vertex_shader_layer GL_ARB_arrays_of_arrays GL_ARB_base_instance GL_ARB_bindless_texture GL_ARB_blend_func_extended GL_ARB_buffer_storage GL_ARB_clear_buffer_object GL_ARB_clear_texture GL_ARB_clip_control GL_ARB_color_buffer_float GL_ARB_compressed_texture_pixel_storage GL_ARB_conservative_depth GL_ARB_compute_shader GL_ARB_compute_variable_group_size GL_ARB_conditional_render_inverted GL_ARB_copy_buffer GL_ARB_copy_image GL_ARB_cull_distance GL_ARB_debug_output GL_ARB_depth_buffer_float GL_ARB_depth_clamp GL_ARB_depth_texture GL_ARB_derivative_control GL_ARB_direct_state_access GL_ARB_draw_buffers GL_ARB_draw_buffers_blend GL_ARB_draw_indirect GL_ARB_draw_elements_base_vertex GL_ARB_draw_instanced GL_ARB_enhanced_layouts GL_ARB_ES2_compatibility GL_ARB_ES3_compatibility GL_ARB_ES3_1_compatibility GL_ARB_ES3_2_compatibility GL_ARB_explicit_attrib_location GL_ARB_explicit_uniform_location GL_ARB_fragment_coord_conventions GL_ARB_fragment_layer_viewport GL_ARB_fragment_program GL_ARB_fragment_program_shadow GL_ARB_fragment_shader GL_ARB_fragment_shader_interlock GL_ARB_framebuffer_no_attachments GL_ARB_framebuffer_object GL_ARB_framebuffer_sRGB GL_ARB_geometry_shader4 GL_ARB_get_program_binary GL_ARB_get_texture_sub_image GL_ARB_gl_spirv GL_ARB_gpu_shader5 GL_ARB_gpu_shader_fp64 GL_ARB_gpu_shader_int64 GL_ARB_half_float_pixel GL_ARB_half_float_vertex GL_ARB_imaging GL_ARB_indirect_parameters GL_ARB_instanced_arrays GL_ARB_internalformat_query GL_ARB_internalformat_query2 GL_ARB_invalidate_subdata GL_ARB_map_buffer_alignment GL_ARB_map_buffer_range GL_ARB_multi_bind GL_ARB_multi_draw_indirect GL_ARB_multisample GL_ARB_multitexture GL_ARB_occlusion_query GL_ARB_occlusion_query2 GL_ARB_parallel_shader_compile GL_ARB_pipeline_statistics_query GL_ARB_pixel_buffer_object GL_ARB_point_parameters GL_ARB_point_sprite GL_ARB_polygon_offset_clamp GL_ARB_post_depth_coverage GL_ARB_program_interface_query GL_ARB_provoking_vertex GL_ARB_query_buffer_object GL_ARB_robust_buffer_access_behavior GL_ARB_robustness GL_ARB_sample_locations GL_ARB_sample_shading GL_ARB_sampler_objects GL_ARB_seamless_cube_map GL_ARB_seamless_cubemap_per_texture GL_ARB_separate_shader_objects GL_ARB_shader_atomic_counter_ops GL_ARB_shader_atomic_counters GL_ARB_shader_ballot GL_ARB_shader_bit_encoding GL_ARB_shader_clock GL_ARB_shader_draw_parameters GL_ARB_shader_group_vote GL_ARB_shader_image_load_store GL_ARB_shader_image_size GL_ARB_shader_objects GL_ARB_shader_precision GL_ARB_shader_storage_buffer_object GL_ARB_shader_subroutine GL_ARB_shader_texture_image_samples GL_ARB_shader_texture_lod GL_ARB_shading_language_100 GL_ARB_shader_viewport_layer_array GL_ARB_shading_language_420pack GL_ARB_shading_language_include GL_ARB_shading_language_packing GL_ARB_shadow GL_ARB_sparse_buffer GL_ARB_sparse_texture GL_ARB_sparse_texture2 GL_ARB_sparse_texture_clamp GL_ARB_spirv_extensions GL_ARB_stencil_texturing GL_ARB_sync GL_ARB_tessellation_shader GL_ARB_texture_barrier GL_ARB_texture_border_clamp GL_ARB_texture_buffer_object GL_ARB_texture_buffer_object_rgb32 GL_ARB_texture_buffer_range GL_ARB_texture_compression GL_ARB_texture_compression_bptc GL_ARB_texture_compression_rgtc GL_ARB_texture_cube_map GL_ARB_texture_cube_map_array GL_ARB_texture_env_add GL_ARB_texture_env_combine GL_ARB_texture_env_crossbar GL_ARB_texture_env_dot3 GL_ARB_texture_filter_anisotropic GL_ARB_texture_filter_minmax GL_ARB_texture_float GL_ARB_texture_gather GL_ARB_texture_mirror_clamp_to_edge GL_ARB_texture_mirrored_repeat GL_ARB_texture_multisample GL_ARB_texture_non_power_of_two GL_ARB_texture_query_levels GL_ARB_texture_query_lod GL_ARB_texture_rectangle GL_ARB_texture_rg GL_ARB_texture_rgb10_a2ui GL_ARB_texture_stencil8 GL_ARB_texture_storage GL_ARB_texture_storage_multisample GL_ARB_texture_swizzle GL_ARB_texture_view GL_ARB_timer_query GL_ARB_transform_feedback2 GL_ARB_transform_feedback3 GL_ARB_transform_feedback_instanced GL_ARB_transform_feedback_overflow_query GL_ARB_transpose_matrix GL_ARB_uniform_buffer_object GL_ARB_vertex_array_bgra GL_ARB_vertex_array_object GL_ARB_vertex_attrib_64bit GL_ARB_vertex_attrib_binding GL_ARB_vertex_buffer_object GL_ARB_vertex_program GL_ARB_vertex_shader GL_ARB_vertex_type_10f_11f_11f_rev GL_ARB_vertex_type_2_10_10_10_rev GL_ARB_viewport_array GL_ARB_window_pos GL_ATI_draw_buffers GL_ATI_texture_float GL_ATI_texture_mirror_once GL_S3_s3tc GL_EXT_texture_env_add GL_EXT_abgr GL_EXT_bgra GL_EXT_bindable_uniform GL_EXT_blend_color GL_EXT_blend_equation_separate GL_EXT_blend_func_separate GL_EXT_blend_minmax GL_EXT_blend_subtract GL_EXT_compiled_vertex_array GL_EXT_Cg_shader GL_EXT_depth_bounds_test GL_EXT_direct_state_access GL_EXT_draw_buffers2 GL_EXT_draw_instanced GL_EXT_draw_range_elements GL_EXT_EGL_image_storage GL_EXT_fog_coord GL_EXT_framebuffer_blit GL_EXT_framebuffer_multisample GL_EXTX_framebuffer_mixed_formats GL_EXT_framebuffer_multisample_blit_scaled GL_EXT_framebuffer_object GL_EXT_framebuffer_sRGB GL_EXT_geometry_shader4 GL_EXT_gpu_program_parameters GL_EXT_gpu_shader4 GL_EXT_multi_draw_arrays GL_EXT_multiview_texture_multisample GL_EXT_multiview_timer_query GL_EXT_packed_depth_stencil GL_EXT_packed_float GL_EXT_packed_pixels GL_EXT_pixel_buffer_object GL_EXT_point_parameters GL_EXT_polygon_offset_clamp GL_EXT_post_depth_coverage GL_EXT_provoking_vertex GL_EXT_raster_multisample GL_EXT_rescale_normal GL_EXT_secondary_color GL_EXT_separate_shader_objects GL_EXT_separate_specular_color GL_EXT_shader_image_load_formatted GL_EXT_shader_image_load_store GL_EXT_shader_integer_mix GL_EXT_shadow_funcs GL_EXT_sparse_texture2 GL_EXT_stencil_two_side GL_EXT_stencil_wrap GL_EXT_texture3D GL_EXT_texture_array GL_EXT_texture_buffer_object GL_EXT_texture_compression_dxt1 GL_EXT_texture_compression_latc GL_EXT_texture_compression_rgtc GL_EXT_texture_compression_s3tc GL_EXT_texture_cube_map GL_EXT_texture_edge_clamp GL_EXT_texture_env_combine GL_EXT_texture_env_dot3 GL_EXT_texture_filter_anisotropic GL_EXT_texture_filter_minmax GL_EXT_texture_integer GL_EXT_texture_lod GL_EXT_texture_lod_bias GL_EXT_texture_mirror_clamp GL_EXT_texture_object GL_EXT_texture_shadow_lod GL_EXT_texture_shared_exponent GL_EXT_texture_sRGB GL_EXT_texture_sRGB_R8 GL_EXT_texture_sRGB_decode GL_EXT_texture_storage GL_EXT_texture_swizzle GL_EXT_timer_query GL_EXT_transform_feedback2 GL_EXT_vertex_array GL_EXT_vertex_array_bgra GL_EXT_vertex_attrib_64bit GL_EXT_window_rectangles GL_EXT_import_sync_object GL_NV_robustness_video_memory_purge GL_IBM_rasterpos_clip GL_IBM_texture_mirrored_repeat GL_KHR_context_flush_control GL_KHR_debug GL_EXT_memory_object GL_EXT_memory_object_fd GL_NV_memory_object_sparse GL_KHR_parallel_shader_compile GL_KHR_no_error GL_KHR_robust_buffer_access_behavior GL_KHR_robustness GL_EXT_semaphore GL_EXT_semaphore_fd GL_NV_timeline_semaphore GL_KHR_shader_subgroup GL_KTX_buffer_region GL_NV_alpha_to_coverage_dither_control GL_NV_bindless_multi_draw_indirect GL_NV_bindless_multi_draw_indirect_count GL_NV_bindless_texture GL_NV_blend_equation_advanced GL_NV_blend_equation_advanced_coherent GL_NVX_blend_equation_advanced_multi_draw_buffers GL_NV_blend_minmax_factor GL_NV_blend_square GL_NV_clip_space_w_scaling GL_NV_command_list GL_NV_compute_program5 GL_NV_compute_shader_derivatives GL_NV_conditional_render GL_NV_conservative_raster GL_NV_conservative_raster_dilate GL_NV_conservative_raster_pre_snap GL_NV_conservative_raster_pre_snap_triangles GL_NV_conservative_raster_underestimation GL_NV_copy_depth_to_color GL_NV_copy_image GL_NV_depth_buffer_float GL_NV_depth_clamp GL_NV_draw_texture GL_NV_draw_vulkan_image GL_NV_ES1_1_compatibility GL_NV_ES3_1_compatibility GL_NV_explicit_multisample GL_NV_feature_query GL_NV_fence GL_NV_fill_rectangle GL_NV_float_buffer GL_NV_fog_distance GL_NV_fragment_coverage_to_color GL_NV_fragment_program GL_NV_fragment_program_option GL_NV_fragment_program2 GL_NV_fragment_shader_barycentric GL_NV_fragment_shader_interlock GL_NV_framebuffer_mixed_samples GL_NV_framebuffer_multisample_coverage GL_NV_geometry_shader4 GL_NV_geometry_shader_passthrough GL_NV_gpu_program4 GL_NV_internalformat_sample_query GL_NV_gpu_program4_1 GL_NV_gpu_program5 GL_NV_gpu_program5_mem_extended GL_NV_gpu_program_fp64 GL_NV_gpu_shader5 GL_NV_half_float GL_NV_light_max_exponent GL_NV_memory_attachment GL_NV_mesh_shader GL_NV_multisample_coverage GL_NV_multisample_filter_hint GL_NV_occlusion_query GL_NV_packed_depth_stencil GL_NV_parameter_buffer_object GL_NV_parameter_buffer_object2 GL_NV_path_rendering GL_NV_path_rendering_shared_edge GL_NV_point_sprite GL_NV_primitive_restart GL_NV_query_resource GL_NV_query_resource_tag GL_NV_register_combiners GL_NV_register_combiners2 GL_NV_representative_fragment_test GL_NV_sample_locations GL_NV_sample_mask_override_coverage GL_NV_scissor_exclusive GL_NV_shader_atomic_counters GL_NV_shader_atomic_float GL_NV_shader_atomic_float64 GL_NV_shader_atomic_fp16_vector GL_NV_shader_atomic_int64 GL_NV_shader_buffer_load GL_NV_shader_storage_buffer_object GL_NV_shader_subgroup_partitioned GL_NV_shader_texture_footprint GL_NV_shading_rate_image GL_NV_stereo_view_rendering GL_NV_texgen_reflection GL_NV_texture_barrier GL_NV_texture_compression_vtc GL_NV_texture_env_combine4 GL_NV_texture_multisample GL_NV_texture_rectangle GL_NV_texture_rectangle_compressed GL_NV_texture_shader GL_NV_texture_shader2 GL_NV_texture_shader3 GL_NV_transform_feedback GL_NV_transform_feedback2 GL_NV_uniform_buffer_unified_memory GL_NV_uniform_buffer_std430_layout GL_NV_vertex_attrib_integer_64bit GL_NV_vertex_buffer_unified_memory GL_NV_vertex_program GL_NV_vertex_program1_1 GL_NV_vertex_program2 GL_NV_vertex_program2_option GL_NV_vertex_program3 GL_NV_viewport_array2 GL_NV_viewport_swizzle GL_NVX_conditional_render GL_NV_gpu_multicast GL_NVX_progress_fence GL_NVX_gpu_memory_info GL_NV_shader_thread_group GL_NV_shader_thread_shuffle GL_KHR_blend_equation_advanced GL_KHR_blend_equation_advanced_coherent GL_OES_EGL_image GL_OVR_multiview GL_OVR_multiview2 GL_SGIS_generate_mipmap GL_SGIS_texture_lod GL_SGIX_depth_texture GL_SGIX_shadow GL_SUN_slice_accum
[   0.278][v][vo/gpu/opengl] Loaded extension GL_KHR_debug.
[   0.278][d][vo/gpu/opengl] Texture formats:
[   0.279][d][vo/gpu/opengl]   NAME       COMP*TYPE SIZE           DEPTH PER COMP.
[   0.279][d][vo/gpu/opengl]   r8         1*unorm   1B    LF CR ST {8}
[   0.279][d][vo/gpu/opengl]   rg8        2*unorm   2B    LF CR ST {8 8}
[   0.279][d][vo/gpu/opengl]   rgb8       3*unorm   3B    LF CR ST {8 8 8}
[   0.279][d][vo/gpu/opengl]   rgba8      4*unorm   4B    LF CR ST {8 8 8 8}
[   0.279][d][vo/gpu/opengl]   r16        1*unorm   2B    LF CR ST {16}
[   0.279][d][vo/gpu/opengl]   rg16       2*unorm   4B    LF CR ST {16 16}
[   0.279][d][vo/gpu/opengl]   rgb16      3*unorm   6B    LF CR ST {16 16 16}
[   0.279][d][vo/gpu/opengl]   rgba16     4*unorm   8B    LF CR ST {16 16 16 16}
[   0.279][d][vo/gpu/opengl]   r8ui       1*uint    1B       CR ST {8}
[   0.279][d][vo/gpu/opengl]   rg8ui      2*uint    2B       CR ST {8 8}
[   0.279][d][vo/gpu/opengl]   rgb8ui     3*uint    3B          ST {8 8 8}
[   0.279][d][vo/gpu/opengl]   rgba8ui    4*uint    4B       CR ST {8 8 8 8}
[   0.279][d][vo/gpu/opengl]   r16ui      1*uint    2B       CR ST {16}
[   0.279][d][vo/gpu/opengl]   rg16ui     2*uint    4B       CR ST {16 16}
[   0.279][d][vo/gpu/opengl]   rgb16ui    3*uint    6B          ST {16 16 16}
[   0.279][d][vo/gpu/opengl]   rgba16ui   4*uint    8B       CR ST {16 16 16 16}
[   0.279][d][vo/gpu/opengl]   r16f       1*float   4B    LF CR ST {32/16}
[   0.279][d][vo/gpu/opengl]   rg16f      2*float   8B    LF CR ST {32/16 32/16}
[   0.279][d][vo/gpu/opengl]   rgb16f     3*float  12B    LF CR ST {32/16 32/16 32/16}
[   0.279][d][vo/gpu/opengl]   rgba16f    4*float  16B    LF CR ST {32/16 32/16 32/16 32/16}
[   0.279][d][vo/gpu/opengl]   r32f       1*float   4B    LF CR ST {32}
[   0.279][d][vo/gpu/opengl]   rg32f      2*float   8B    LF CR ST {32 32}
[   0.279][d][vo/gpu/opengl]   rgb32f     3*float  12B    LF CR ST {32 32 32}
[   0.279][d][vo/gpu/opengl]   rgba32f    4*float  16B    LF CR ST {32 32 32 32}
[   0.279][d][vo/gpu/opengl]   rgb10_a2   4*unorm   4B    LF CR ST {0/10 0/10 0/10 0/2}
[   0.279][d][vo/gpu/opengl]   rgba12     4*unorm   8B    LF CR ST {16 16 16 16}
[   0.279][d][vo/gpu/opengl]   rgb10      3*unorm   6B    LF CR ST {16/10 16/10 16/10}
[   0.279][d][vo/gpu/opengl]   rgb565     3*unorm   2B    LF    ST {0/8 0/8 0/8}
[   0.279][d][vo/gpu/opengl]  LA = LUMINANCE_ALPHA hack format
[   0.279][d][vo/gpu/opengl]  LF = linear filterable
[   0.279][d][vo/gpu/opengl]  CR = can be used for render targets
[   0.279][d][vo/gpu/opengl]  ST = can be used for storable images
[   0.279][d][vo/gpu/opengl] Image formats:
[   0.279][d][vo/gpu/opengl]   yuv444p => 3 planes 1x1 8/0 [r8/r8/r8] (r/g/b) [unorm]
[   0.279][d][vo/gpu/opengl]   yuv420p => 3 planes 2x2 8/0 [r8/r8/r8] (r/g/b) [unorm]
[   0.279][d][vo/gpu/opengl]   gray => 1 planes 1x1 8/0 [r8] (r) [unorm]
[   0.279][d][vo/gpu/opengl]   gray16 => 1 planes 1x1 16/0 [r16] (r) [unorm]
[   0.279][d][vo/gpu/opengl]   uyvy422
[   0.279][d][vo/gpu/opengl]   nv12 => 2 planes 2x2 8/0 [r8/rg8] (r/gb) [unorm]
[   0.279][d][vo/gpu/opengl]   p010 => 2 planes 2x2 16/6 [r16/rg16] (r/gb) [unorm]
[   0.279][d][vo/gpu/opengl]   argb => 1 planes 1x1 8/0 [rgba8] (argb) [unorm]
[   0.279][d][vo/gpu/opengl]   bgra => 1 planes 1x1 8/0 [rgba8] (bgra) [unorm]
[   0.279][d][vo/gpu/opengl]   abgr => 1 planes 1x1 8/0 [rgba8] (abgr) [unorm]
[   0.279][d][vo/gpu/opengl]   rgba => 1 planes 1x1 8/0 [rgba8] (rgba) [unorm]
[   0.279][d][vo/gpu/opengl]   bgr24 => 1 planes 1x1 8/0 [rgb8] (bgr) [unorm]
[   0.279][d][vo/gpu/opengl]   rgb24 => 1 planes 1x1 8/0 [rgb8] (rgb) [unorm]
[   0.279][d][vo/gpu/opengl]   0rgb => 1 planes 1x1 8/0 [rgba8] (_rgb) [unorm]
[   0.279][d][vo/gpu/opengl]   bgr0 => 1 planes 1x1 8/0 [rgba8] (bgr) [unorm]
[   0.279][d][vo/gpu/opengl]   0bgr => 1 planes 1x1 8/0 [rgba8] (_bgr) [unorm]
[   0.279][d][vo/gpu/opengl]   rgb0 => 1 planes 1x1 8/0 [rgba8] (rgb) [unorm]
[   0.279][d][vo/gpu/opengl]   rgba64 => 1 planes 1x1 16/0 [rgba16] (rgba) [unorm]
[   0.279][d][vo/gpu/opengl]   rgb565 => 1 planes 1x1 0/0 [rgb565] (rgb) [unknown]
[   0.279][d][vo/gpu/opengl]   pal8
[   0.279][d][vo/gpu/opengl]   vdpau
[   0.279][d][vo/gpu/opengl]   d3d11
[   0.279][d][vo/gpu/opengl]   dxva2_vld
[   0.279][d][vo/gpu/opengl]   mmal
[   0.279][d][vo/gpu/opengl]   mediacodec
[   0.279][d][vo/gpu/opengl]   cuda
[   0.279][d][vo/gpu/opengl]   yap8 => 2 planes 1x1 8/0 [r8/r8] (r/a) [unorm]
[   0.279][d][vo/gpu/opengl]   yap16 => 2 planes 1x1 16/0 [r16/r16] (r/a) [unorm]
[   0.279][d][vo/gpu/opengl]   grayaf32 => 2 planes 1x1 32/0 [r16f/r16f] (r/a) [float]
[   0.279][d][vo/gpu/opengl]   yuv444pf => 3 planes 1x1 32/0 [r16f/r16f/r16f] (r/g/b) [float]
[   0.279][d][vo/gpu/opengl]   yuva444pf => 4 planes 1x1 32/0 [r16f/r16f/r16f/r16f] (r/g/b/a) [float]
[   0.279][d][vo/gpu/opengl]   yuv420pf => 3 planes 2x2 32/0 [r16f/r16f/r16f] (r/g/b) [float]
[   0.279][d][vo/gpu/opengl]   yuva420pf => 4 planes 2x2 32/0 [r16f/r16f/r16f/r16f] (r/g/b/a) [float]
[   0.279][d][vo/gpu/opengl]   yuv422pf => 3 planes 2x1 32/0 [r16f/r16f/r16f] (r/g/b) [float]
[   0.279][d][vo/gpu/opengl]   yuva422pf => 4 planes 2x1 32/0 [r16f/r16f/r16f/r16f] (r/g/b/a) [float]
[   0.279][d][vo/gpu/opengl]   yuv440pf => 3 planes 1x2 32/0 [r16f/r16f/r16f] (r/g/b) [float]
[   0.279][d][vo/gpu/opengl]   yuva440pf => 4 planes 1x2 32/0 [r16f/r16f/r16f/r16f] (r/g/b/a) [float]
[   0.279][d][vo/gpu/opengl]   yuv410pf => 3 planes 4x4 32/0 [r16f/r16f/r16f] (r/g/b) [float]
[   0.279][d][vo/gpu/opengl]   yuva410pf => 4 planes 4x4 32/0 [r16f/r16f/r16f/r16f] (r/g/b/a) [float]
[   0.280][d][vo/gpu/opengl]   yuv411pf => 3 planes 4x1 32/0 [r16f/r16f/r16f] (r/g/b) [float]
[   0.280][d][vo/gpu/opengl]   yuva411pf => 4 planes 4x1 32/0 [r16f/r16f/r16f/r16f] (r/g/b/a) [float]
[   0.280][d][vo/gpu/opengl]   rgb30 => 1 planes 1x1 10/0 [rgb10_a2] (bgr) [unknown]
[   0.280][d][vo/gpu/opengl]   y1 => 1 planes 1x1 8/-7 [r8] (r) [unorm]
[   0.280][d][vo/gpu/opengl]   gbrp1 => 3 planes 1x1 8/-7 [r8/r8/r8] (g/b/r) [unorm]
[   0.280][d][vo/gpu/opengl]   gbrp2 => 3 planes 1x1 8/-6 [r8/r8/r8] (g/b/r) [unorm]
[   0.280][d][vo/gpu/opengl]   gbrp3 => 3 planes 1x1 8/-5 [r8/r8/r8] (g/b/r) [unorm]
[   0.280][d][vo/gpu/opengl]   gbrp4 => 3 planes 1x1 8/-4 [r8/r8/r8] (g/b/r) [unorm]
[   0.280][d][vo/gpu/opengl]   gbrp5 => 3 planes 1x1 8/-3 [r8/r8/r8] (g/b/r) [unorm]
[   0.280][d][vo/gpu/opengl]   gbrp6 => 3 planes 1x1 8/-2 [r8/r8/r8] (g/b/r) [unorm]
[   0.280][d][vo/gpu/opengl]   vdpau_output
[   0.280][d][vo/gpu/opengl]   vaapi
[   0.280][d][vo/gpu/opengl]   videotoolbox
[   0.280][d][vo/gpu/opengl]   drm_prime
[   0.280][d][vo/gpu/opengl]   yuyv422
[   0.280][d][vo/gpu/opengl]   yuv422p => 3 planes 2x1 8/0 [r8/r8/r8] (r/g/b) [unorm]
[   0.280][d][vo/gpu/opengl]   yuv410p => 3 planes 4x4 8/0 [r8/r8/r8] (r/g/b) [unorm]
[   0.280][d][vo/gpu/opengl]   yuv411p => 3 planes 4x1 8/0 [r8/r8/r8] (r/g/b) [unorm]
[   0.280][d][vo/gpu/opengl]   monow
[   0.280][d][vo/gpu/opengl]   monob
[   0.280][d][vo/gpu/opengl]   yuvj422p => 3 planes 2x1 8/0 [r8/r8/r8] (r/g/b) [unorm]
[   0.280][d][vo/gpu/opengl]   uyyvyy411
[   0.280][d][vo/gpu/opengl]   bgr8
[   0.280][d][vo/gpu/opengl]   bgr4
[   0.280][d][vo/gpu/opengl]   bgr4_byte
[   0.280][d][vo/gpu/opengl]   rgb8
[   0.280][d][vo/gpu/opengl]   rgb4
[   0.280][d][vo/gpu/opengl]   rgb4_byte
[   0.280][d][vo/gpu/opengl]   nv21 => 2 planes 2x2 8/0 [r8/rg8] (r/bg) [unorm]
[   0.280][d][vo/gpu/opengl]   gray16be
[   0.280][d][vo/gpu/opengl]   yuv440p => 3 planes 1x2 8/0 [r8/r8/r8] (r/g/b) [unorm]
[   0.280][d][vo/gpu/opengl]   yuvj440p => 3 planes 1x2 8/0 [r8/r8/r8] (r/g/b) [unorm]
[   0.280][d][vo/gpu/opengl]   yuva420p => 4 planes 2x2 8/0 [r8/r8/r8/r8] (r/g/b/a) [unorm]
[   0.280][d][vo/gpu/opengl]   rgb48be
[   0.280][d][vo/gpu/opengl]   rgb48 => 1 planes 1x1 16/0 [rgb16] (rgb) [unorm]
[   0.280][d][vo/gpu/opengl]   rgb565be
[   0.280][d][vo/gpu/opengl]   rgb555be
[   0.280][d][vo/gpu/opengl]   rgb555
[   0.280][d][vo/gpu/opengl]   bgr565be
[   0.280][d][vo/gpu/opengl]   bgr565
[   0.280][d][vo/gpu/opengl]   bgr555be
[   0.280][d][vo/gpu/opengl]   bgr555
[   0.280][d][vo/gpu/opengl]   yuv420p16 => 3 planes 2x2 16/0 [r16/r16/r16] (r/g/b) [unorm]
[   0.280][d][vo/gpu/opengl]   yuv420p16be
[   0.280][d][vo/gpu/opengl]   yuv422p16 => 3 planes 2x1 16/0 [r16/r16/r16] (r/g/b) [unorm]
[   0.280][d][vo/gpu/opengl]   yuv422p16be
[   0.280][d][vo/gpu/opengl]   yuv444p16 => 3 planes 1x1 16/0 [r16/r16/r16] (r/g/b) [unorm]
[   0.280][d][vo/gpu/opengl]   yuv444p16be
[   0.280][d][vo/gpu/opengl]   rgb444
[   0.280][d][vo/gpu/opengl]   rgb444be
[   0.280][d][vo/gpu/opengl]   bgr444
[   0.280][d][vo/gpu/opengl]   bgr444be
[   0.280][d][vo/gpu/opengl]   ya8 => 1 planes 1x1 8/0 [rg8] (ra) [unorm]
[   0.280][d][vo/gpu/opengl]   bgr48be
[   0.280][d][vo/gpu/opengl]   bgr48 => 1 planes 1x1 16/0 [rgb16] (bgr) [unorm]
[   0.280][d][vo/gpu/opengl]   yuv420p9be
[   0.280][d][vo/gpu/opengl]   yuv420p9 => 3 planes 2x2 16/-7 [r16/r16/r16] (r/g/b) [unorm]
[   0.280][d][vo/gpu/opengl]   yuv420p10be
[   0.280][d][vo/gpu/opengl]   yuv420p10 => 3 planes 2x2 16/-6 [r16/r16/r16] (r/g/b) [unorm]
[   0.280][d][vo/gpu/opengl]   yuv422p10be
[   0.280][d][vo/gpu/opengl]   yuv422p10 => 3 planes 2x1 16/-6 [r16/r16/r16] (r/g/b) [unorm]
[   0.280][d][vo/gpu/opengl]   yuv444p9be
[   0.280][d][vo/gpu/opengl]   yuv444p9 => 3 planes 1x1 16/-7 [r16/r16/r16] (r/g/b) [unorm]
[   0.280][d][vo/gpu/opengl]   yuv444p10be
[   0.280][d][vo/gpu/opengl]   yuv444p10 => 3 planes 1x1 16/-6 [r16/r16/r16] (r/g/b) [unorm]
[   0.280][d][vo/gpu/opengl]   yuv422p9be
[   0.280][d][vo/gpu/opengl]   yuv422p9 => 3 planes 2x1 16/-7 [r16/r16/r16] (r/g/b) [unorm]
[   0.280][d][vo/gpu/opengl]   gbrp => 3 planes 1x1 8/0 [r8/r8/r8] (g/b/r) [unorm]
[   0.280][d][vo/gpu/opengl]   gbrp9be
[   0.280][d][vo/gpu/opengl]   gbrp9 => 3 planes 1x1 16/-7 [r16/r16/r16] (g/b/r) [unorm]
[   0.280][d][vo/gpu/opengl]   gbrp10be
[   0.280][d][vo/gpu/opengl]   gbrp10 => 3 planes 1x1 16/-6 [r16/r16/r16] (g/b/r) [unorm]
[   0.280][d][vo/gpu/opengl]   gbrp16be
[   0.280][d][vo/gpu/opengl]   gbrp16 => 3 planes 1x1 16/0 [r16/r16/r16] (g/b/r) [unorm]
[   0.280][d][vo/gpu/opengl]   yuva422p => 4 planes 2x1 8/0 [r8/r8/r8/r8] (r/g/b/a) [unorm]
[   0.280][d][vo/gpu/opengl]   yuva444p => 4 planes 1x1 8/0 [r8/r8/r8/r8] (r/g/b/a) [unorm]
[   0.280][d][vo/gpu/opengl]   yuva420p9be
[   0.280][d][vo/gpu/opengl]   yuva420p9 => 4 planes 2x2 16/-7 [r16/r16/r16/r16] (r/g/b/a) [unorm]
[   0.280][d][vo/gpu/opengl]   yuva422p9be
[   0.281][d][vo/gpu/opengl]   yuva422p9 => 4 planes 2x1 16/-7 [r16/r16/r16/r16] (r/g/b/a) [unorm]
[   0.281][d][vo/gpu/opengl]   yuva444p9be
[   0.281][d][vo/gpu/opengl]   yuva444p9 => 4 planes 1x1 16/-7 [r16/r16/r16/r16] (r/g/b/a) [unorm]
[   0.281][d][vo/gpu/opengl]   yuva420p10be
[   0.281][d][vo/gpu/opengl]   yuva420p10 => 4 planes 2x2 16/-6 [r16/r16/r16/r16] (r/g/b/a) [unorm]
[   0.281][d][vo/gpu/opengl]   yuva422p10be
[   0.281][d][vo/gpu/opengl]   yuva422p10 => 4 planes 2x1 16/-6 [r16/r16/r16/r16] (r/g/b/a) [unorm]
[   0.281][d][vo/gpu/opengl]   yuva444p10be
[   0.281][d][vo/gpu/opengl]   yuva444p10 => 4 planes 1x1 16/-6 [r16/r16/r16/r16] (r/g/b/a) [unorm]
[   0.281][d][vo/gpu/opengl]   yuva420p16be
[   0.281][d][vo/gpu/opengl]   yuva420p16 => 4 planes 2x2 16/0 [r16/r16/r16/r16] (r/g/b/a) [unorm]
[   0.281][d][vo/gpu/opengl]   yuva422p16be
[   0.281][d][vo/gpu/opengl]   yuva422p16 => 4 planes 2x1 16/0 [r16/r16/r16/r16] (r/g/b/a) [unorm]
[   0.281][d][vo/gpu/opengl]   yuva444p16be
[   0.281][d][vo/gpu/opengl]   yuva444p16 => 4 planes 1x1 16/0 [r16/r16/r16/r16] (r/g/b/a) [unorm]
[   0.281][d][vo/gpu/opengl]   xyz12 => 1 planes 1x1 16/4 [rgb16] (rgb) [unorm]
[   0.281][d][vo/gpu/opengl]   xyz12be
[   0.281][d][vo/gpu/opengl]   nv16 => 2 planes 2x1 8/0 [r8/rg8] (r/gb) [unorm]
[   0.281][d][vo/gpu/opengl]   nv20 => 2 planes 2x1 16/-6 [r16/rg16] (r/gb) [unorm]
[   0.281][d][vo/gpu/opengl]   nv20be
[   0.281][d][vo/gpu/opengl]   rgba64be
[   0.281][d][vo/gpu/opengl]   bgra64be
[   0.281][d][vo/gpu/opengl]   bgra64 => 1 planes 1x1 16/0 [rgba16] (bgra) [unorm]
[   0.281][d][vo/gpu/opengl]   yvyu422
[   0.281][d][vo/gpu/opengl]   ya16be
[   0.281][d][vo/gpu/opengl]   ya16 => 1 planes 1x1 16/0 [rg16] (ra) [unorm]
[   0.281][d][vo/gpu/opengl]   gbrap => 4 planes 1x1 8/0 [r8/r8/r8/r8] (g/b/r/a) [unorm]
[   0.281][d][vo/gpu/opengl]   gbrap16be
[   0.281][d][vo/gpu/opengl]   gbrap16 => 4 planes 1x1 16/0 [r16/r16/r16/r16] (g/b/r/a) [unorm]
[   0.281][d][vo/gpu/opengl]   qsv
[   0.281][d][vo/gpu/opengl]   d3d11va_vld
[   0.281][d][vo/gpu/opengl]   yuv420p12be
[   0.281][d][vo/gpu/opengl]   yuv420p12 => 3 planes 2x2 16/-4 [r16/r16/r16] (r/g/b) [unorm]
[   0.281][d][vo/gpu/opengl]   yuv420p14be
[   0.281][d][vo/gpu/opengl]   yuv420p14 => 3 planes 2x2 16/-2 [r16/r16/r16] (r/g/b) [unorm]
[   0.281][d][vo/gpu/opengl]   yuv422p12be
[   0.281][d][vo/gpu/opengl]   yuv422p12 => 3 planes 2x1 16/-4 [r16/r16/r16] (r/g/b) [unorm]
[   0.281][d][vo/gpu/opengl]   yuv422p14be
[   0.281][d][vo/gpu/opengl]   yuv422p14 => 3 planes 2x1 16/-2 [r16/r16/r16] (r/g/b) [unorm]
[   0.281][d][vo/gpu/opengl]   yuv444p12be
[   0.281][d][vo/gpu/opengl]   yuv444p12 => 3 planes 1x1 16/-4 [r16/r16/r16] (r/g/b) [unorm]
[   0.281][d][vo/gpu/opengl]   yuv444p14be
[   0.281][d][vo/gpu/opengl]   yuv444p14 => 3 planes 1x1 16/-2 [r16/r16/r16] (r/g/b) [unorm]
[   0.281][d][vo/gpu/opengl]   gbrp12be
[   0.281][d][vo/gpu/opengl]   gbrp12 => 3 planes 1x1 16/-4 [r16/r16/r16] (g/b/r) [unorm]
[   0.281][d][vo/gpu/opengl]   gbrp14be
[   0.281][d][vo/gpu/opengl]   gbrp14 => 3 planes 1x1 16/-2 [r16/r16/r16] (g/b/r) [unorm]
[   0.281][d][vo/gpu/opengl]   yuvj411p => 3 planes 4x1 8/0 [r8/r8/r8] (r/g/b) [unorm]
[   0.281][d][vo/gpu/opengl]   bayer_bggr8
[   0.281][d][vo/gpu/opengl]   bayer_rggb8
[   0.281][d][vo/gpu/opengl]   bayer_gbrg8
[   0.281][d][vo/gpu/opengl]   bayer_grbg8
[   0.281][d][vo/gpu/opengl]   bayer_bggr16
[   0.281][d][vo/gpu/opengl]   bayer_bggr16be
[   0.281][d][vo/gpu/opengl]   bayer_rggb16
[   0.281][d][vo/gpu/opengl]   bayer_rggb16be
[   0.281][d][vo/gpu/opengl]   bayer_gbrg16
[   0.281][d][vo/gpu/opengl]   bayer_gbrg16be
[   0.281][d][vo/gpu/opengl]   bayer_grbg16
[   0.281][d][vo/gpu/opengl]   bayer_grbg16be
[   0.281][d][vo/gpu/opengl]   xvmc
[   0.281][d][vo/gpu/opengl]   yuv440p10 => 3 planes 1x2 16/-6 [r16/r16/r16] (r/g/b) [unorm]
[   0.282][d][vo/gpu/opengl]   yuv440p10be
[   0.282][d][vo/gpu/opengl]   yuv440p12 => 3 planes 1x2 16/-4 [r16/r16/r16] (r/g/b) [unorm]
[   0.282][d][vo/gpu/opengl]   yuv440p12be
[   0.282][d][vo/gpu/opengl]   ayuv64 => 1 planes 1x1 16/0 [rgba16] (argb) [unorm]
[   0.282][d][vo/gpu/opengl]   ayuv64be
[   0.282][d][vo/gpu/opengl]   p010be
[   0.282][d][vo/gpu/opengl]   gbrap12be
[   0.282][d][vo/gpu/opengl]   gbrap12 => 4 planes 1x1 16/-4 [r16/r16/r16/r16] (g/b/r/a) [unorm]
[   0.282][d][vo/gpu/opengl]   gbrap10be
[   0.282][d][vo/gpu/opengl]   gbrap10 => 4 planes 1x1 16/-6 [r16/r16/r16/r16] (g/b/r/a) [unorm]
[   0.282][d][vo/gpu/opengl]   gray12be
[   0.282][d][vo/gpu/opengl]   gray12 => 1 planes 1x1 16/-4 [r16] (r) [unorm]
[   0.282][d][vo/gpu/opengl]   gray10be
[   0.282][d][vo/gpu/opengl]   gray10 => 1 planes 1x1 16/-6 [r16] (r) [unorm]
[   0.282][d][vo/gpu/opengl]   p016 => 2 planes 2x2 16/0 [r16/rg16] (r/gb) [unorm]
[   0.282][d][vo/gpu/opengl]   p016be
[   0.282][d][vo/gpu/opengl]   gray9be
[   0.282][d][vo/gpu/opengl]   gray9 => 1 planes 1x1 16/-7 [r16] (r) [unorm]
[   0.282][d][vo/gpu/opengl]   gbrpf32be
[   0.282][d][vo/gpu/opengl]   gbrpf32 => 3 planes 1x1 32/0 [r16f/r16f/r16f] (g/b/r) [float]
[   0.282][d][vo/gpu/opengl]   gbrapf32be
[   0.282][d][vo/gpu/opengl]   gbrapf32 => 4 planes 1x1 32/0 [r16f/r16f/r16f/r16f] (g/b/r/a) [float]
[   0.282][d][vo/gpu/opengl]   opencl
[   0.282][d][vo/gpu/opengl]   gray14be
[   0.282][d][vo/gpu/opengl]   gray14 => 1 planes 1x1 16/-2 [r16] (r) [unorm]
[   0.282][d][vo/gpu/opengl]   grayf32be
[   0.282][d][vo/gpu/opengl]   grayf32 => 1 planes 1x1 32/0 [r16f] (r) [float]
[   0.282][d][vo/gpu/opengl]   yuva422p12be
[   0.282][d][vo/gpu/opengl]   yuva422p12 => 4 planes 2x1 16/-4 [r16/r16/r16/r16] (r/g/b/a) [unorm]
[   0.282][d][vo/gpu/opengl]   yuva444p12be
[   0.282][d][vo/gpu/opengl]   yuva444p12 => 4 planes 1x1 16/-4 [r16/r16/r16/r16] (r/g/b/a) [unorm]
[   0.282][d][vo/gpu/opengl]   nv24 => 2 planes 1x1 8/0 [r8/rg8] (r/gb) [unorm]
[   0.282][d][vo/gpu/opengl]   nv42 => 2 planes 1x1 8/0 [r8/rg8] (r/bg) [unorm]
[   0.282][d][vo/gpu/opengl]   vulkan
[   0.282][d][vo/gpu/opengl]   y210be
[   0.282][d][vo/gpu/opengl]   y210
[   0.282][d][vo/gpu/opengl]   x2rgb10be
[   0.282][d][vo/gpu/opengl]   x2bgr10
[   0.282][d][vo/gpu/opengl]   x2bgr10be
[   0.282][d][vo/gpu/opengl]   p210be
[   0.282][d][vo/gpu/opengl]   p210 => 2 planes 2x1 16/6 [r16/rg16] (r/gb) [unorm]
[   0.282][d][vo/gpu/opengl]   p410be
[   0.282][d][vo/gpu/opengl]   p410 => 2 planes 1x1 16/6 [r16/rg16] (r/gb) [unorm]
[   0.282][d][vo/gpu/opengl]   p216be
[   0.282][d][vo/gpu/opengl]   p216 => 2 planes 2x1 16/0 [r16/rg16] (r/gb) [unorm]
[   0.282][d][vo/gpu/opengl]   p416be
[   0.282][d][vo/gpu/opengl]   p416 => 2 planes 1x1 16/0 [r16/rg16] (r/gb) [unorm]
[   0.282][d][vo/gpu/opengl]   vuya => 1 planes 1x1 8/0 [rgba8] (bgra) [unorm]
[   0.282][d][vo/gpu/opengl]   rgbaf16be
[   0.282][d][vo/gpu/opengl]   rgbaf16
[   0.282][d][vo/gpu/opengl]   vuyx => 1 planes 1x1 8/0 [rgba8] (bgr) [unorm]
[   0.282][d][vo/gpu/opengl]   p012 => 2 planes 2x2 16/4 [r16/rg16] (r/gb) [unorm]
[   0.282][d][vo/gpu/opengl]   p012be
[   0.282][d][vo/gpu/opengl]   y212be
[   0.282][d][vo/gpu/opengl]   y212
[   0.282][d][vo/gpu/opengl]   xv30be
[   0.282][d][vo/gpu/opengl]   xv30
[   0.282][d][vo/gpu/opengl]   xv36be
[   0.282][d][vo/gpu/opengl]   xv36 => 1 planes 1x1 16/4 [rgba16] (grb) [unorm]
[   0.282][d][vo/gpu/opengl]   rgbf32be
[   0.282][d][vo/gpu/opengl]   rgbf32
[   0.282][d][vo/gpu/opengl]   rgbaf32be
[   0.282][d][vo/gpu/opengl]   rgbaf32
[   0.282][d][vo/gpu/opengl]   p212be
[   0.282][d][vo/gpu/opengl]   p212 => 2 planes 2x1 16/4 [r16/rg16] (r/gb) [unorm]
[   0.282][d][vo/gpu/opengl]   p412be
[   0.282][d][vo/gpu/opengl]   p412 => 2 planes 1x1 16/4 [r16/rg16] (r/gb) [unorm]
[   0.282][d][vo/gpu/opengl]   gbrap14be
[   0.282][d][vo/gpu/opengl]   gbrap14 => 4 planes 1x1 16/-2 [r16/r16/r16/r16] (g/b/r/a) [unorm]
[   0.282][v][vo/gpu] Testing FBO format rgba16f
[   0.282][d][vo/gpu] Resizing texture: 16x16
[   0.285][v][vo/gpu] Using FBO format rgba16f.
[   0.285][d][global] cache path: '' -> '/home/archer/.cache/mpv'
[   0.285][v][vo/gpu] Resize: 1920x1080
[   0.285][v][vo/gpu] Reported display depth: 8
[   0.285][v][vo/gpu] Assuming 60.163850 FPS for display sync.
[   0.286][v][vd] Container reported FPS: 25.000000
[   0.286][v][vd] Codec list:
[   0.286][v][vd]     h264 - H.264 / AVC / MPEG-4 AVC / MPEG-4 part 10
[   0.286][v][vd]     h264_v4l2m2m (h264) - V4L2 mem2mem H.264 decoder wrapper
[   0.286][v][vd]     h264_qsv (h264) - H264 video (Intel Quick Sync Video acceleration)
[   0.286][v][vd] Opening decoder h264
[   0.286][v][vd] Looking at hwdec h264-nvdec...
[   0.286][v][vd] Not using this for auto-copy.
[   0.286][v][vd] Looking at hwdec h264-vaapi...
[   0.286][v][vd] Not using this for auto-copy.
[   0.286][v][vd] Looking at hwdec h264-vdpau...
[   0.286][v][vd] Not using this for auto-copy.
[   0.286][v][vd] Looking at hwdec h264-nvdec-copy...
[   0.533][v][vd] Trying hardware decoding via h264-nvdec-copy.
[   0.534][v][vd] Selected codec: h264 (H.264 / AVC / MPEG-4 AVC / MPEG-4 part 10)
[   0.534][v][vf] User filter list:
[   0.534][v][vf]   (empty)
[   0.535][v][cplayer] Starting playback...
[   0.537][d][cplayer] Run command: disable-section, flags=64, args=[name="window-controls"]
[   0.537][d][cplayer] Run command: overlay-remove, flags=64, args=[id="42"]
[   0.537][d][cplayer] Run command: script-message, flags=64, args=[args="thumbfast-info", args="{\"height\":200,\"overlay_id\":42,\"disabled\":false,\"thumbnail\":\"/tmp/thumbfast.out168944\",\"width\":200,\"socket\":\"/tmp/thumbfast168944\",\"available\":true}"]
[   0.538][v][vd] Pixel formats supported by decoder: vdpau vulkan cuda vaapi yuv420p
[   0.538][v][vd] Codec profile: Main (0x4d)
[   0.538][v][vd] Requesting pixfmt 'cuda' from decoder.
[   0.562][d][ffmpeg/video] h264: NVDEC capabilities:
[   0.562][d][ffmpeg/video] h264: format supported: yes, max_mb_count: 65536
[   0.562][d][ffmpeg/video] h264: min_width: 48, max_width: 4096
[   0.562][d][ffmpeg/video] h264: min_height: 16, max_height: 4096
[   0.604][d][ffmpeg/video] h264: Reinit context to 1280x720, pix_fmt: cuda
[   0.740][i][vd] Using hardware decoding (nvdec-copy).
[   0.740][v][vd] Decoder format: 1280x720 nv12 bt.709/bt.709/bt.1886/limited/auto CL=mpeg2/4/h264
[   0.740][v][vf] [in] 1280x720 nv12 bt.709/bt.709/bt.1886/limited/display SP=1.000000 CL=mpeg2/4/h264
[   0.740][v][vf] [userdeint] 1280x720 nv12 bt.709/bt.709/bt.1886/limited/display SP=1.000000 CL=mpeg2/4/h264
[   0.741][v][vf] [userdeint] (disabled)
[   0.741][v][vf] [autorotate] 1280x720 nv12 bt.709/bt.709/bt.1886/limited/display SP=1.000000 CL=mpeg2/4/h264
[   0.741][v][vf] [autorotate] (disabled)
[   0.741][v][vf] [convert] 1280x720 nv12 bt.709/bt.709/bt.1886/limited/display SP=1.000000 CL=mpeg2/4/h264
[   0.742][v][vf] [convert] (disabled)
[   0.742][v][vf] [out] 1280x720 nv12 bt.709/bt.709/bt.1886/limited/display SP=1.000000 CL=mpeg2/4/h264
[   0.742][d][cplayer] Run command: define-section, flags=64, args=[name="input_MordenX", contents="", flags="default"]
[   0.742][d][cplayer] Run command: enable-section, flags=64, args=[name="input_MordenX", flags="allow-hide-cursor+allow-vo-dragging"]
[   0.742][d][cplayer] Run command: define-section, flags=64, args=[name="input_forced_MordenX", contents="", flags="force"]
[   0.743][d][cplayer] Run command: enable-section, flags=64, args=[name="input_forced_MordenX", flags="allow-hide-cursor+allow-vo-dragging"]
[   0.743][d][cplayer] Run command: script-message, flags=64, args=[args="thumbfast-info", args="{\"height\":200,\"overlay_id\":42,\"disabled\":false,\"thumbnail\":\"/tmp/thumbfast.out168944\",\"width\":200,\"socket\":\"/tmp/thumbfast168944\",\"available\":true}"]
[   0.743][d][MordenX] osc_init 
[   0.746][i][cplayer] VO: [gpu] 1280x720 nv12
[   0.746][v][cplayer] VO: Description: Shader-based GPU Renderer
[   0.746][v][vo/gpu] reconfig to 1280x720 nv12 bt.709/bt.709/bt.1886/limited/display SP=1.000000 CL=mpeg2/4/h264
[   0.747][d][vo/gpu] max content size: 1920x1080
[   0.747][d][vo/gpu] monitor size: 1920x1080
[   0.748][v][vo/gpu] Resize: 1920x1080
[   0.748][v][vo/gpu] Window size: 1920x1080 (Borders: l=0 t=0 r=0 b=0)
[   0.748][v][vo/gpu] Video source: 1280x720 (1:1)
[   0.748][v][vo/gpu] Video display: (0, 0) 1280x720 -> (0, 0) 1920x1080
[   0.748][v][vo/gpu] Video scale: 1.500000/1.500000
[   0.748][v][vo/gpu] OSD borders: l=0 t=0 r=0 b=0
[   0.748][v][vo/gpu] Video borders: l=0 t=0 r=0 b=0
[   0.748][v][vo/gpu] Reported display depth: 8
[   0.748][v][vo/gpu] Texture for plane 0: 1280x720
[   0.748][v][vo/gpu] Texture for plane 1: 640x360
[   0.748][v][vo/gpu] Testing FBO format rgba16f
[   0.748][d][vo/gpu] Resizing texture: 16x16
[   0.751][v][vo/gpu] Using FBO format rgba16f.
[   0.757][d][vo/gpu] Resizing texture: 1280x720
[   0.758][d][global] user path: '/home/archer/.cache/mpv' -> '/home/archer/.cache/mpv'
[   0.760][d][vo/gpu] Trying to load shader from disk...
[   0.761][d][vo/gpu/opengl] Loading binary program succeeded.
[   0.763][d][vo/gpu] Resizing texture: 640x360
[   0.765][d][global] user path: '/home/archer/.cache/mpv' -> '/home/archer/.cache/mpv'
[   0.766][d][vo/gpu] Trying to load shader from disk...
[   0.768][d][vo/gpu/opengl] Loading binary program succeeded.
[   0.773][d][vo/gpu] Resizing texture: 1280x720
[   0.773][d][global] user path: '/home/archer/.cache/mpv' -> '/home/archer/.cache/mpv'
[   0.774][d][vo/gpu] Trying to load shader from disk...
[   0.778][d][vo/gpu/opengl] Loading binary program succeeded.
[   0.781][d][vo/gpu] Resizing texture: 1280x720
[   0.782][d][global] user path: '/home/archer/.cache/mpv' -> '/home/archer/.cache/mpv'
[   0.782][d][vo/gpu] Trying to load shader from disk...
[   0.783][d][vo/gpu/opengl] Loading binary program succeeded.
[   0.784][d][vo/gpu] Resizing texture: 1920x1080
[   0.785][d][global] user path: '/home/archer/.cache/mpv' -> '/home/archer/.cache/mpv'
[   0.786][d][vo/gpu] Trying to load shader from disk...
[   0.791][d][vo/gpu/opengl] Loading binary program succeeded.
[   0.793][d][vo/gpu] Resizing texture: 1920x1080
[   0.793][d][global] user path: '/home/archer/.cache/mpv' -> '/home/archer/.cache/mpv'
[   0.794][d][vo/gpu] Trying to load shader from disk...
[   0.795][d][vo/gpu/opengl] Loading binary program succeeded.
[   0.795][d][vo/gpu] Resizing texture: 1920x1080
[   0.796][d][global] user path: '/home/archer/.cache/mpv' -> '/home/archer/.cache/mpv'
[   0.796][d][vo/gpu] Trying to load shader from disk...
[   0.798][d][vo/gpu/opengl] Loading binary program succeeded.
[   0.799][d][global] user path: '/home/archer/.cache/mpv' -> '/home/archer/.cache/mpv'
[   0.799][d][vo/gpu] Trying to load shader from disk...
[   0.800][d][vo/gpu/opengl] Loading binary program succeeded.
[   0.802][v][cplayer] first video frame after restart shown
[   0.802][d][cplayer] starting video playback
[   0.802][v][cplayer] playback restart complete @ 0.000000, audio=eof, video=playing
[   0.802][d][global] user path: '/home/archer/.cache/mpv' -> '/home/archer/.cache/mpv'
[   0.802][d][cplayer] Run command: script-message, flags=64, args=[args="thumbfast-info", args="{\"height\":113,\"overlay_id\":42,\"disabled\":false,\"thumbnail\":\"/tmp/thumbfast.out168944\",\"width\":200,\"socket\":\"/tmp/thumbfast168944\",\"available\":true}"]
[   0.803][d][vo/gpu] Trying to load shader from disk...
[   0.804][d][vo/gpu/opengl] Loading binary program succeeded.
[   0.805][d][global] user path: '/home/archer/.cache/mpv' -> '/home/archer/.cache/mpv'
[   0.806][d][vo/gpu] Trying to load shader from disk...
[   0.807][d][vo/gpu/opengl] Loading binary program succeeded.
[   0.808][d][vo/gpu] Resizing texture: 1920x1080
[   0.825][d][cplayer] Run command: disable-section, flags=64, args=[name="window-controls"]
[   0.826][d][MordenX] osc_init 
[   0.828][d][cplayer] Run command: disable-section, flags=64, args=[name="window-controls"]
[   0.828][d][cplayer] Run command: disable-section, flags=64, args=[name="window-controls"]
[   0.858][d][cplayer] Run command: disable-section, flags=64, args=[name="window-controls"]
[   0.888][d][cplayer] Run command: disable-section, flags=64, args=[name="window-controls"]
[   0.924][d][cplayer] Run command: disable-section, flags=64, args=[name="window-controls"]
[   0.964][d][cplayer] Run command: disable-section, flags=64, args=[name="window-controls"]
[   1.003][d][cplayer] Run command: disable-section, flags=64, args=[name="window-controls"]
[   1.044][d][cplayer] Run command: disable-section, flags=64, args=[name="window-controls"]
[   1.074][d][cplayer] Run command: disable-section, flags=64, args=[name="window-controls"]
[   1.104][d][cplayer] Run command: disable-section, flags=64, args=[name="window-controls"]
[   1.135][d][cplayer] Run command: disable-section, flags=64, args=[name="window-controls"]
[   1.165][d][cplayer] Run command: disable-section, flags=64, args=[name="window-controls"]
[   1.203][d][cplayer] Run command: disable-section, flags=64, args=[name="window-controls"]
[   1.243][d][cplayer] Run command: disable-section, flags=64, args=[name="window-controls"]
[   1.284][d][cplayer] Run command: disable-section, flags=64, args=[name="window-controls"]
[   1.324][d][cplayer] Run command: disable-section, flags=64, args=[name="window-controls"]
[   1.364][d][cplayer] Run command: disable-section, flags=64, args=[name="window-controls"]
[   1.404][d][cplayer] Run command: disable-section, flags=64, args=[name="window-controls"]
[   1.444][d][cplayer] Run command: disable-section, flags=64, args=[name="window-controls"]
[   1.484][d][cplayer] Run command: disable-section, flags=64, args=[name="window-controls"]
[   1.524][d][cplayer] Run command: disable-section, flags=64, args=[name="window-controls"]
[   1.564][d][cplayer] Run command: disable-section, flags=64, args=[name="window-controls"]
[   1.604][d][cplayer] Run command: disable-section, flags=64, args=[name="window-controls"]
[   1.643][d][cplayer] Run command: disable-section, flags=64, args=[name="window-controls"]
[   1.684][d][cplayer] Run command: disable-section, flags=64, args=[name="window-controls"]
[   1.723][d][cplayer] Run command: disable-section, flags=64, args=[name="window-controls"]
[   1.764][d][cplayer] Run command: disable-section, flags=64, args=[name="window-controls"]
[   1.804][d][cplayer] Run command: disable-section, flags=64, args=[name="window-controls"]
[   1.844][d][cplayer] Run command: disable-section, flags=64, args=[name="window-controls"]
[   1.884][d][cplayer] Run command: disable-section, flags=64, args=[name="window-controls"]
[   1.924][d][cplayer] Run command: disable-section, flags=64, args=[name="window-controls"]
[   1.964][d][cplayer] Run command: disable-section, flags=64, args=[name="window-controls"]
[   2.003][d][cplayer] Run command: disable-section, flags=64, args=[name="window-controls"]
[   2.044][d][cplayer] Run command: disable-section, flags=64, args=[name="window-controls"]
[   2.074][d][cplayer] Run command: disable-section, flags=64, args=[name="window-controls"]
[   2.104][d][cplayer] Run command: disable-section, flags=64, args=[name="window-controls"]
[   2.135][d][cplayer] Run command: disable-section, flags=64, args=[name="window-controls"]
[   2.165][d][cplayer] Run command: disable-section, flags=64, args=[name="window-controls"]
[   2.204][d][cplayer] Run command: disable-section, flags=64, args=[name="window-controls"]
[   2.244][d][cplayer] Run command: disable-section, flags=64, args=[name="window-controls"]
[   2.283][d][cplayer] Run command: disable-section, flags=64, args=[name="window-controls"]
[   2.314][d][cplayer] Run command: disable-section, flags=64, args=[name="window-controls"]
[   2.344][d][cplayer] Run command: disable-section, flags=64, args=[name="window-controls"]
[   2.374][d][cplayer] Run command: disable-section, flags=64, args=[name="window-controls"]
[   2.405][d][cplayer] Run command: disable-section, flags=64, args=[name="window-controls"]
[   2.444][d][cplayer] Run command: disable-section, flags=64, args=[name="window-controls"]
[   2.485][d][cplayer] Run command: disable-section, flags=64, args=[name="window-controls"]
